# JRE version: OpenJDK Runtime Environment (8.0_242-b01) (build 1.8.0_242-release-1644-b01)
# Java VM: OpenJDK 64-Bit Server VM (25.242-b01 mixed mode windows-amd64 compressed oops)
Heap:
 PSYoungGen      total 340480K, used 59928K [0x00000000e0000000, 0x00000000fb580000, 0x0000000100000000)
  eden space 251392K, 10% used [0x00000000e0000000,0x00000000e1934590,0x00000000ef580000)
  from space 89088K, 38% used [0x00000000ef580000,0x00000000f16d1b58,0x00000000f4c80000)
  to   space 84992K, 0% used [0x00000000f6280000,0x00000000f6280000,0x00000000fb580000)
 ParOldGen       total 331776K, used 169916K [0x00000000a0000000, 0x00000000b4400000, 0x00000000e0000000)
  object space 331776K, 51% used [0x00000000a0000000,0x00000000aa5ef168,0x00000000b4400000)
 Metaspace       used 81305K, capacity 86094K, committed 86312K, reserved 1124352K
  class space    used 10675K, capacity 11704K, committed 11824K, reserved 1048576K
GC Heap History (10 events):
Event: 3881.908 GC heap before
{Heap before GC invocations=24 (full 4):
 PSYoungGen      total 279552K, used 279296K [0x00000000e0000000, 0x00000000f3c80000, 0x0000000100000000)
  eden space 266752K, 100% used [0x00000000e0000000,0x00000000f0480000,0x00000000f0480000)
  from space 12800K, 98% used [0x00000000f0f00000,0x00000000f1b40030,0x00000000f1b80000)
  to   space 28672K, 0% used [0x00000000f2080000,0x00000000f2080000,0x00000000f3c80000)
 ParOldGen       total 152064K, used 55359K [0x00000000a0000000, 0x00000000a9480000, 0x00000000e0000000)
  object space 152064K, 36% used [0x00000000a0000000,0x00000000a360ff30,0x00000000a9480000)
 Metaspace       used 78252K, capacity 82704K, committed 82984K, reserved 1120256K
  class space    used 10277K, capacity 11218K, committed 11312K, reserved 1048576K
Event: 3881.931 GC heap after
Heap after GC invocations=24 (full 4):
 PSYoungGen      total 285184K, used 28661K [0x00000000e0000000, 0x00000000f4480000, 0x0000000100000000)
  eden space 256512K, 0% used [0x00000000e0000000,0x00000000e0000000,0x00000000efa80000)
  from space 28672K, 99% used [0x00000000f2080000,0x00000000f3c7d710,0x00000000f3c80000)
  to   space 37888K, 0% used [0x00000000efa80000,0x00000000efa80000,0x00000000f1f80000)
 ParOldGen       total 152064K, used 68053K [0x00000000a0000000, 0x00000000a9480000, 0x00000000e0000000)
  object space 152064K, 44% used [0x00000000a0000000,0x00000000a42756b8,0x00000000a9480000)
 Metaspace       used 78252K, capacity 82704K, committed 82984K, reserved 1120256K
  class space    used 10277K, capacity 11218K, committed 11312K, reserved 1048576K
}
Event: 3888.099 GC heap before
{Heap before GC invocations=25 (full 4):
 PSYoungGen      total 285184K, used 276460K [0x00000000e0000000, 0x00000000f4480000, 0x0000000100000000)
  eden space 256512K, 96% used [0x00000000e0000000,0x00000000ef1fdb08,0x00000000efa80000)
  from space 28672K, 99% used [0x00000000f2080000,0x00000000f3c7d710,0x00000000f3c80000)
  to   space 37888K, 0% used [0x00000000efa80000,0x00000000efa80000,0x00000000f1f80000)
 ParOldGen       total 152064K, used 68053K [0x00000000a0000000, 0x00000000a9480000, 0x00000000e0000000)
  object space 152064K, 44% used [0x00000000a0000000,0x00000000a42756b8,0x00000000a9480000)
 Metaspace       used 80475K, capacity 85164K, committed 85416K, reserved 1122304K
  class space    used 10622K, capacity 11602K, committed 11696K, reserved 1048576K
Event: 3888.137 GC heap after
Heap after GC invocations=25 (full 4):
 PSYoungGen      total 284672K, used 37861K [0x00000000e0000000, 0x00000000fa800000, 0x0000000100000000)
  eden space 246784K, 0% used [0x00000000e0000000,0x00000000e0000000,0x00000000ef100000)
  from space 37888K, 99% used [0x00000000efa80000,0x00000000f1f79710,0x00000000f1f80000)
  to   space 93696K, 0% used [0x00000000f4c80000,0x00000000f4c80000,0x00000000fa800000)
 ParOldGen       total 206848K, used 201280K [0x00000000a0000000, 0x00000000aca00000, 0x00000000e0000000)
  object space 206848K, 97% used [0x00000000a0000000,0x00000000ac490248,0x00000000aca00000)
 Metaspace       used 80475K, capacity 85164K, committed 85416K, reserved 1122304K
  class space    used 10622K, capacity 11602K, committed 11696K, reserved 1048576K
}
Event: 3888.137 GC heap before
{Heap before GC invocations=26 (full 5):
 PSYoungGen      total 284672K, used 37861K [0x00000000e0000000, 0x00000000fa800000, 0x0000000100000000)
  eden space 246784K, 0% used [0x00000000e0000000,0x00000000e0000000,0x00000000ef100000)
  from space 37888K, 99% used [0x00000000efa80000,0x00000000f1f79710,0x00000000f1f80000)
  to   space 93696K, 0% used [0x00000000f4c80000,0x00000000f4c80000,0x00000000fa800000)
 ParOldGen       total 206848K, used 201280K [0x00000000a0000000, 0x00000000aca00000, 0x00000000e0000000)
  object space 206848K, 97% used [0x00000000a0000000,0x00000000ac490248,0x00000000aca00000)
 Metaspace       used 80475K, capacity 85164K, committed 85416K, reserved 1122304K
  class space    used 10622K, capacity 11602K, committed 11696K, reserved 1048576K
Event: 3888.365 GC heap after
Heap after GC invocations=26 (full 5):
 PSYoungGen      total 284672K, used 0K [0x00000000e0000000, 0x00000000fa800000, 0x0000000100000000)
  eden space 246784K, 0% used [0x00000000e0000000,0x00000000e0000000,0x00000000ef100000)
  from space 37888K, 0% used [0x00000000efa80000,0x00000000efa80000,0x00000000f1f80000)
  to   space 93696K, 0% used [0x00000000f4c80000,0x00000000f4c80000,0x00000000fa800000)
 ParOldGen       total 331776K, used 169900K [0x00000000a0000000, 0x00000000b4400000, 0x00000000e0000000)
  object space 331776K, 51% used [0x00000000a0000000,0x00000000aa5eb168,0x00000000b4400000)
 Metaspace       used 80189K, capacity 84644K, committed 85416K, reserved 1122304K
  class space    used 10567K, capacity 11498K, committed 11696K, reserved 1048576K
}
Event: 4595.490 GC heap before
{Heap before GC invocations=27 (full 5):
 PSYoungGen      total 284672K, used 246784K [0x00000000e0000000, 0x00000000fa800000, 0x0000000100000000)
  eden space 246784K, 100% used [0x00000000e0000000,0x00000000ef100000,0x00000000ef100000)
  from space 37888K, 0% used [0x00000000efa80000,0x00000000efa80000,0x00000000f1f80000)
  to   space 93696K, 0% used [0x00000000f4c80000,0x00000000f4c80000,0x00000000fa800000)
 ParOldGen       total 331776K, used 169900K [0x00000000a0000000, 0x00000000b4400000, 0x00000000e0000000)
  object space 331776K, 51% used [0x00000000a0000000,0x00000000aa5eb168,0x00000000b4400000)
 Metaspace       used 80972K, capacity 85672K, committed 86056K, reserved 1124352K
  class space    used 10659K, capacity 11679K, committed 11824K, reserved 1048576K
Event: 4595.506 GC heap after
Heap after GC invocations=27 (full 5):
 PSYoungGen      total 345088K, used 18587K [0x00000000e0000000, 0x00000000fbe00000, 0x0000000100000000)
  eden space 251392K, 0% used [0x00000000e0000000,0x00000000e0000000,0x00000000ef580000)
  from space 93696K, 19% used [0x00000000f4c80000,0x00000000f5ea6ca0,0x00000000fa800000)
  to   space 89088K, 0% used [0x00000000ef580000,0x00000000ef580000,0x00000000f4c80000)
 ParOldGen       total 331776K, used 169908K [0x00000000a0000000, 0x00000000b4400000, 0x00000000e0000000)
  object space 331776K, 51% used [0x00000000a0000000,0x00000000aa5ed168,0x00000000b4400000)
 Metaspace       used 80972K, capacity 85672K, committed 86056K, reserved 1124352K
  class space    used 10659K, capacity 11679K, committed 11824K, reserved 1048576K
}
Event: 7952.430 GC heap before
{Heap before GC invocations=28 (full 5):
 PSYoungGen      total 345088K, used 269979K [0x00000000e0000000, 0x00000000fbe00000, 0x0000000100000000)
  eden space 251392K, 100% used [0x00000000e0000000,0x00000000ef580000,0x00000000ef580000)
  from space 93696K, 19% used [0x00000000f4c80000,0x00000000f5ea6ca0,0x00000000fa800000)
  to   space 89088K, 0% used [0x00000000ef580000,0x00000000ef580000,0x00000000f4c80000)
 ParOldGen       total 331776K, used 169908K [0x00000000a0000000, 0x00000000b4400000, 0x00000000e0000000)
  object space 331776K, 51% used [0x00000000a0000000,0x00000000aa5ed168,0x00000000b4400000)
 Metaspace       used 81294K, capacity 86094K, committed 86312K, reserved 1124352K
  class space    used 10675K, capacity 11704K, committed 11824K, reserved 1048576K
Event: 7952.587 GC heap after
Heap after GC invocations=28 (full 5):
 PSYoungGen      total 340480K, used 34118K [0x00000000e0000000, 0x00000000fb580000, 0x0000000100000000)
  eden space 251392K, 0% used [0x00000000e0000000,0x00000000e0000000,0x00000000ef580000)
  from space 89088K, 38% used [0x00000000ef580000,0x00000000f16d1b58,0x00000000f4c80000)
  to   space 84992K, 0% used [0x00000000f6280000,0x00000000f6280000,0x00000000fb580000)
 ParOldGen       total 331776K, used 169916K [0x00000000a0000000, 0x00000000b4400000, 0x00000000e0000000)
  object space 331776K, 51% used [0x00000000a0000000,0x00000000aa5ef168,0x00000000b4400000)
 Metaspace       used 81294K, capacity 86094K, committed 86312K, reserved 1124352K
  class space    used 10675K, capacity 11704K, committed 11824K, reserved 1048576K
}

