# JRE version: OpenJDK Runtime Environment (8.0_242-b01) (build 1.8.0_242-release-1644-b01)
# Java VM: OpenJDK 64-Bit Server VM (25.242-b01 mixed mode windows-amd64 compressed oops)
Heap:
 PSYoungGen      total 373760K, used 317145K [0x00000000e0000000, 0x00000000f9780000, 0x0000000100000000)
  eden space 335360K, 86% used [0x00000000e0000000,0x00000000f1ab9908,0x00000000f4780000)
  from space 38400K, 71% used [0x00000000f7200000,0x00000000f8cfce98,0x00000000f9780000)
  to   space 40960K, 0% used [0x00000000f4780000,0x00000000f4780000,0x00000000f6f80000)
 ParOldGen       total 217088K, used 154050K [0x00000000a0000000, 0x00000000ad400000, 0x00000000e0000000)
  object space 217088K, 70% used [0x00000000a0000000,0x00000000a9670838,0x00000000ad400000)
 Metaspace       used 103953K, capacity 108884K, committed 109608K, reserved 1144832K
  class space    used 13348K, capacity 14397K, committed 14640K, reserved 1048576K
GC Heap History (10 events):
Event: 660.848 GC heap before
{Heap before GC invocations=42 (full 4):
 PSYoungGen      total 318976K, used 285117K [0x00000000e0000000, 0x00000000f8180000, 0x0000000100000000)
  eden space 273920K, 100% used [0x00000000e0000000,0x00000000f0b80000,0x00000000f0b80000)
  from space 45056K, 24% used [0x00000000f0b80000,0x00000000f166f7d8,0x00000000f3780000)
  to   space 42496K, 0% used [0x00000000f5800000,0x00000000f5800000,0x00000000f8180000)
 ParOldGen       total 217088K, used 130530K [0x00000000a0000000, 0x00000000ad400000, 0x00000000e0000000)
  object space 217088K, 60% used [0x00000000a0000000,0x00000000a7f789a8,0x00000000ad400000)
 Metaspace       used 97554K, capacity 102108K, committed 103336K, reserved 1138688K
  class space    used 12485K, capacity 13463K, committed 13744K, reserved 1048576K
Event: 660.861 GC heap after
Heap after GC invocations=42 (full 4):
 PSYoungGen      total 345088K, used 4309K [0x00000000e0000000, 0x00000000f7d00000, 0x0000000100000000)
  eden space 307200K, 0% used [0x00000000e0000000,0x00000000e0000000,0x00000000f2c00000)
  from space 37888K, 11% used [0x00000000f5800000,0x00000000f5c35668,0x00000000f7d00000)
  to   space 41472K, 0% used [0x00000000f2c00000,0x00000000f2c00000,0x00000000f5480000)
 ParOldGen       total 217088K, used 139631K [0x00000000a0000000, 0x00000000ad400000, 0x00000000e0000000)
  object space 217088K, 64% used [0x00000000a0000000,0x00000000a885bea0,0x00000000ad400000)
 Metaspace       used 97554K, capacity 102108K, committed 103336K, reserved 1138688K
  class space    used 12485K, capacity 13463K, committed 13744K, reserved 1048576K
}
Event: 664.927 GC heap before
{Heap before GC invocations=43 (full 4):
 PSYoungGen      total 345088K, used 311509K [0x00000000e0000000, 0x00000000f7d00000, 0x0000000100000000)
  eden space 307200K, 100% used [0x00000000e0000000,0x00000000f2c00000,0x00000000f2c00000)
  from space 37888K, 11% used [0x00000000f5800000,0x00000000f5c35668,0x00000000f7d00000)
  to   space 41472K, 0% used [0x00000000f2c00000,0x00000000f2c00000,0x00000000f5480000)
 ParOldGen       total 217088K, used 139631K [0x00000000a0000000, 0x00000000ad400000, 0x00000000e0000000)
  object space 217088K, 64% used [0x00000000a0000000,0x00000000a885bea0,0x00000000ad400000)
 Metaspace       used 100424K, capacity 105120K, committed 106024K, reserved 1140736K
  class space    used 12887K, capacity 13897K, committed 14128K, reserved 1048576K
Event: 664.939 GC heap after
Heap after GC invocations=43 (full 4):
 PSYoungGen      total 348672K, used 10835K [0x00000000e0000000, 0x00000000f9800000, 0x0000000100000000)
  eden space 307200K, 0% used [0x00000000e0000000,0x00000000e0000000,0x00000000f2c00000)
  from space 41472K, 26% used [0x00000000f2c00000,0x00000000f3694ef0,0x00000000f5480000)
  to   space 38912K, 0% used [0x00000000f7200000,0x00000000f7200000,0x00000000f9800000)
 ParOldGen       total 217088K, used 142625K [0x00000000a0000000, 0x00000000ad400000, 0x00000000e0000000)
  object space 217088K, 65% used [0x00000000a0000000,0x00000000a8b48418,0x00000000ad400000)
 Metaspace       used 100424K, capacity 105120K, committed 106024K, reserved 1140736K
  class space    used 12887K, capacity 13897K, committed 14128K, reserved 1048576K
}
Event: 683.530 GC heap before
{Heap before GC invocations=44 (full 4):
 PSYoungGen      total 348672K, used 318035K [0x00000000e0000000, 0x00000000f9800000, 0x0000000100000000)
  eden space 307200K, 100% used [0x00000000e0000000,0x00000000f2c00000,0x00000000f2c00000)
  from space 41472K, 26% used [0x00000000f2c00000,0x00000000f3694ef0,0x00000000f5480000)
  to   space 38912K, 0% used [0x00000000f7200000,0x00000000f7200000,0x00000000f9800000)
 ParOldGen       total 217088K, used 142625K [0x00000000a0000000, 0x00000000ad400000, 0x00000000e0000000)
  object space 217088K, 65% used [0x00000000a0000000,0x00000000a8b48418,0x00000000ad400000)
 Metaspace       used 103191K, capacity 108058K, committed 108712K, reserved 1142784K
  class space    used 13263K, capacity 14284K, committed 14512K, reserved 1048576K
Event: 683.565 GC heap after
Heap after GC invocations=44 (full 4):
 PSYoungGen      total 373760K, used 24997K [0x00000000e0000000, 0x00000000f9780000, 0x0000000100000000)
  eden space 335360K, 0% used [0x00000000e0000000,0x00000000e0000000,0x00000000f4780000)
  from space 38400K, 65% used [0x00000000f7200000,0x00000000f8a694e8,0x00000000f9780000)
  to   space 40960K, 0% used [0x00000000f4780000,0x00000000f4780000,0x00000000f6f80000)
 ParOldGen       total 217088K, used 142625K [0x00000000a0000000, 0x00000000ad400000, 0x00000000e0000000)
  object space 217088K, 65% used [0x00000000a0000000,0x00000000a8b48418,0x00000000ad400000)
 Metaspace       used 103191K, capacity 108058K, committed 108712K, reserved 1142784K
  class space    used 13263K, capacity 14284K, committed 14512K, reserved 1048576K
}
Event: 683.995 GC heap before
{Heap before GC invocations=45 (full 4):
 PSYoungGen      total 373760K, used 360357K [0x00000000e0000000, 0x00000000f9780000, 0x0000000100000000)
  eden space 335360K, 100% used [0x00000000e0000000,0x00000000f4780000,0x00000000f4780000)
  from space 38400K, 65% used [0x00000000f7200000,0x00000000f8a694e8,0x00000000f9780000)
  to   space 40960K, 0% used [0x00000000f4780000,0x00000000f4780000,0x00000000f6f80000)
 ParOldGen       total 217088K, used 142625K [0x00000000a0000000, 0x00000000ad400000, 0x00000000e0000000)
  object space 217088K, 65% used [0x00000000a0000000,0x00000000a8b48418,0x00000000ad400000)
 Metaspace       used 103842K, capacity 108726K, committed 109352K, reserved 1144832K
  class space    used 13347K, capacity 14396K, committed 14640K, reserved 1048576K
Event: 684.024 GC heap after
Heap after GC invocations=45 (full 4):
 PSYoungGen      total 376320K, used 31123K [0x00000000e0000000, 0x00000000f9780000, 0x0000000100000000)
  eden space 335360K, 0% used [0x00000000e0000000,0x00000000e0000000,0x00000000f4780000)
  from space 40960K, 75% used [0x00000000f4780000,0x00000000f65e4db8,0x00000000f6f80000)
  to   space 38400K, 0% used [0x00000000f7200000,0x00000000f7200000,0x00000000f9780000)
 ParOldGen       total 217088K, used 142633K [0x00000000a0000000, 0x00000000ad400000, 0x00000000e0000000)
  object space 217088K, 65% used [0x00000000a0000000,0x00000000a8b4a418,0x00000000ad400000)
 Metaspace       used 103842K, capacity 108726K, committed 109352K, reserved 1144832K
  class space    used 13347K, capacity 14396K, committed 14640K, reserved 1048576K
}
Event: 684.296 GC heap before
{Heap before GC invocations=46 (full 4):
 PSYoungGen      total 376320K, used 366483K [0x00000000e0000000, 0x00000000f9780000, 0x0000000100000000)
  eden space 335360K, 100% used [0x00000000e0000000,0x00000000f4780000,0x00000000f4780000)
  from space 40960K, 75% used [0x00000000f4780000,0x00000000f65e4db8,0x00000000f6f80000)
  to   space 38400K, 0% used [0x00000000f7200000,0x00000000f7200000,0x00000000f9780000)
 ParOldGen       total 217088K, used 142633K [0x00000000a0000000, 0x00000000ad400000, 0x00000000e0000000)
  object space 217088K, 65% used [0x00000000a0000000,0x00000000a8b4a418,0x00000000ad400000)
 Metaspace       used 103901K, capacity 108804K, committed 109352K, reserved 1144832K
  class space    used 13348K, capacity 14397K, committed 14640K, reserved 1048576K
Event: 684.323 GC heap after
Heap after GC invocations=46 (full 4):
 PSYoungGen      total 373760K, used 27635K [0x00000000e0000000, 0x00000000f9780000, 0x0000000100000000)
  eden space 335360K, 0% used [0x00000000e0000000,0x00000000e0000000,0x00000000f4780000)
  from space 38400K, 71% used [0x00000000f7200000,0x00000000f8cfce98,0x00000000f9780000)
  to   space 40960K, 0% used [0x00000000f4780000,0x00000000f4780000,0x00000000f6f80000)
 ParOldGen       total 217088K, used 154050K [0x00000000a0000000, 0x00000000ad400000, 0x00000000e0000000)
  object space 217088K, 70% used [0x00000000a0000000,0x00000000a9670838,0x00000000ad400000)
 Metaspace       used 103901K, capacity 108804K, committed 109352K, reserved 1144832K
  class space    used 13348K, capacity 14397K, committed 14640K, reserved 1048576K
}

