# JRE version: Java(TM) SE Runtime Environment (8.0_251-b08) (build 1.8.0_251-b08)
# Java VM: Java HotSpot(TM) Client VM (25.251-b08 mixed mode windows-x86 )
Heap:
 def new generation   total 27392K, used 3294K [0x04a00000, 0x067b0000, 0x24a00000)
  eden space 24384K,   1% used [0x04a00000, 0x04a47a10, 0x061d0000)
  from space 3008K,  99% used [0x064c0000, 0x067aff68, 0x067b0000)
  to   space 3008K,   0% used [0x061d0000, 0x061d0000, 0x064c0000)
 tenured generation   total 60556K, used 44477K [0x24a00000, 0x28523000, 0x64a00000)
   the space 60556K,  73% used [0x24a00000, 0x2756f538, 0x2756f600, 0x28523000)
 Metaspace       used 43421K, capacity 44787K, committed 44800K, reserved 45440K
GC Heap History (10 events):
Event: 25.393 GC heap before
{Heap before GC invocations=107 (full 5):
 def new generation   total 27392K, used 24384K [0x04a00000, 0x067b0000, 0x24a00000)
  eden space 24384K, 100% used [0x04a00000, 0x061d0000, 0x061d0000)
  from space 3008K,   0% used [0x061d0000, 0x061d0000, 0x064c0000)
  to   space 3008K,   0% used [0x064c0000, 0x064c0000, 0x067b0000)
 tenured generation   total 60556K, used 36331K [0x24a00000, 0x28523000, 0x64a00000)
   the space 60556K,  59% used [0x24a00000, 0x26d7afd8, 0x26d7b000, 0x28523000)
 Metaspace       used 41433K, capacity 42482K, committed 42496K, reserved 43392K
Event: 25.415 GC heap after
Heap after GC invocations=108 (full 5):
 def new generation   total 27392K, used 1908K [0x04a00000, 0x067b0000, 0x24a00000)
  eden space 24384K,   0% used [0x04a00000, 0x04a00000, 0x061d0000)
  from space 3008K,  63% used [0x064c0000, 0x0669d1d8, 0x067b0000)
  to   space 3008K,   0% used [0x061d0000, 0x061d0000, 0x064c0000)
 tenured generation   total 60556K, used 36334K [0x24a00000, 0x28523000, 0x64a00000)
   the space 60556K,  60% used [0x24a00000, 0x26d7b970, 0x26d7ba00, 0x28523000)
 Metaspace       used 41433K, capacity 42482K, committed 42496K, reserved 43392K
}
Event: 28.514 GC heap before
{Heap before GC invocations=108 (full 5):
 def new generation   total 27392K, used 26292K [0x04a00000, 0x067b0000, 0x24a00000)
  eden space 24384K, 100% used [0x04a00000, 0x061d0000, 0x061d0000)
  from space 3008K,  63% used [0x064c0000, 0x0669d1d8, 0x067b0000)
  to   space 3008K,   0% used [0x061d0000, 0x061d0000, 0x064c0000)
 tenured generation   total 60556K, used 36334K [0x24a00000, 0x28523000, 0x64a00000)
   the space 60556K,  60% used [0x24a00000, 0x26d7b970, 0x26d7ba00, 0x28523000)
 Metaspace       used 42095K, capacity 43172K, committed 43264K, reserved 43392K
Event: 28.522 GC heap after
Heap after GC invocations=109 (full 5):
 def new generation   total 27392K, used 1928K [0x04a00000, 0x067b0000, 0x24a00000)
  eden space 24384K,   0% used [0x04a00000, 0x04a00000, 0x061d0000)
  from space 3008K,  64% used [0x061d0000, 0x063b22b0, 0x064c0000)
  to   space 3008K,   0% used [0x064c0000, 0x064c0000, 0x067b0000)
 tenured generation   total 60556K, used 36989K [0x24a00000, 0x28523000, 0x64a00000)
   the space 60556K,  61% used [0x24a00000, 0x26e1f5b8, 0x26e1f600, 0x28523000)
 Metaspace       used 42095K, capacity 43172K, committed 43264K, reserved 43392K
}
Event: 30.171 GC heap before
{Heap before GC invocations=109 (full 5):
 def new generation   total 27392K, used 26312K [0x04a00000, 0x067b0000, 0x24a00000)
  eden space 24384K, 100% used [0x04a00000, 0x061d0000, 0x061d0000)
  from space 3008K,  64% used [0x061d0000, 0x063b22b0, 0x064c0000)
  to   space 3008K,   0% used [0x064c0000, 0x064c0000, 0x067b0000)
 tenured generation   total 60556K, used 36989K [0x24a00000, 0x28523000, 0x64a00000)
   the space 60556K,  61% used [0x24a00000, 0x26e1f5b8, 0x26e1f600, 0x28523000)
 Metaspace       used 42595K, capacity 43719K, committed 43776K, reserved 44416K
Event: 30.185 GC heap after
Heap after GC invocations=110 (full 5):
 def new generation   total 27392K, used 3007K [0x04a00000, 0x067b0000, 0x24a00000)
  eden space 24384K,   0% used [0x04a00000, 0x04a00000, 0x061d0000)
  from space 3008K,  99% used [0x064c0000, 0x067afff8, 0x067b0000)
  to   space 3008K,   0% used [0x061d0000, 0x061d0000, 0x064c0000)
 tenured generation   total 60556K, used 38249K [0x24a00000, 0x28523000, 0x64a00000)
   the space 60556K,  63% used [0x24a00000, 0x26f5a640, 0x26f5a800, 0x28523000)
 Metaspace       used 42595K, capacity 43719K, committed 43776K, reserved 44416K
}
Event: 30.722 GC heap before
{Heap before GC invocations=110 (full 5):
 def new generation   total 27392K, used 27391K [0x04a00000, 0x067b0000, 0x24a00000)
  eden space 24384K, 100% used [0x04a00000, 0x061d0000, 0x061d0000)
  from space 3008K,  99% used [0x064c0000, 0x067afff8, 0x067b0000)
  to   space 3008K,   0% used [0x061d0000, 0x061d0000, 0x064c0000)
 tenured generation   total 60556K, used 38249K [0x24a00000, 0x28523000, 0x64a00000)
   the space 60556K,  63% used [0x24a00000, 0x26f5a640, 0x26f5a800, 0x28523000)
 Metaspace       used 43083K, capacity 44419K, committed 44544K, reserved 45440K
Event: 30.737 GC heap after
Heap after GC invocations=111 (full 5):
 def new generation   total 27392K, used 3008K [0x04a00000, 0x067b0000, 0x24a00000)
  eden space 24384K,   0% used [0x04a00000, 0x04a00000, 0x061d0000)
  from space 3008K, 100% used [0x061d0000, 0x064c0000, 0x064c0000)
  to   space 3008K,   0% used [0x064c0000, 0x064c0000, 0x067b0000)
 tenured generation   total 60556K, used 41558K [0x24a00000, 0x28523000, 0x64a00000)
   the space 60556K,  68% used [0x24a00000, 0x27295b98, 0x27295c00, 0x28523000)
 Metaspace       used 43083K, capacity 44419K, committed 44544K, reserved 45440K
}
Event: 30.865 GC heap before
{Heap before GC invocations=111 (full 5):
 def new generation   total 27392K, used 27392K [0x04a00000, 0x067b0000, 0x24a00000)
  eden space 24384K, 100% used [0x04a00000, 0x061d0000, 0x061d0000)
  from space 3008K, 100% used [0x061d0000, 0x064c0000, 0x064c0000)
  to   space 3008K,   0% used [0x064c0000, 0x064c0000, 0x067b0000)
 tenured generation   total 60556K, used 41558K [0x24a00000, 0x28523000, 0x64a00000)
   the space 60556K,  68% used [0x24a00000, 0x27295b98, 0x27295c00, 0x28523000)
 Metaspace       used 43420K, capacity 44787K, committed 44800K, reserved 45440K
Event: 30.874 GC heap after
Heap after GC invocations=112 (full 5):
 def new generation   total 27392K, used 3007K [0x04a00000, 0x067b0000, 0x24a00000)
  eden space 24384K,   0% used [0x04a00000, 0x04a00000, 0x061d0000)
  from space 3008K,  99% used [0x064c0000, 0x067aff68, 0x067b0000)
  to   space 3008K,   0% used [0x061d0000, 0x061d0000, 0x064c0000)
 tenured generation   total 60556K, used 44477K [0x24a00000, 0x28523000, 0x64a00000)
   the space 60556K,  73% used [0x24a00000, 0x2756f538, 0x2756f600, 0x28523000)
 Metaspace       used 43420K, capacity 44787K, committed 44800K, reserved 45440K
}

