# JRE version: OpenJDK Runtime Environment (8.0_242-b01) (build 1.8.0_242-release-1644-b01)
# Java VM: OpenJDK 64-Bit Server VM (25.242-b01 mixed mode windows-amd64 compressed oops)
Heap:
 PSYoungGen      total 346112K, used 274809K [0x00000000e0000000, 0x00000000f9680000, 0x0000000100000000)
  eden space 310784K, 77% used [0x00000000e0000000,0x00000000ee9e3aa0,0x00000000f2f80000)
  from space 35328K, 99% used [0x00000000f2f80000,0x00000000f51faa90,0x00000000f5200000)
  to   space 34304K, 0% used [0x00000000f7500000,0x00000000f7500000,0x00000000f9680000)
 ParOldGen       total 193536K, used 108368K [0x00000000a0000000, 0x00000000abd00000, 0x00000000e0000000)
  object space 193536K, 55% used [0x00000000a0000000,0x00000000a69d41a0,0x00000000abd00000)
 Metaspace       used 97550K, capacity 102410K, committed 102952K, reserved 1138688K
  class space    used 12917K, capacity 14021K, committed 14128K, reserved 1048576K
GC Heap History (10 events):
Event: 108.794 GC heap before
{Heap before GC invocations=25 (full 3):
 PSYoungGen      total 312320K, used 131538K [0x00000000e0000000, 0x00000000f7100000, 0x0000000100000000)
  eden space 283136K, 38% used [0x00000000e0000000,0x00000000e69adeb8,0x00000000f1480000)
  from space 29184K, 79% used [0x00000000f1480000,0x00000000f2b46cd8,0x00000000f3100000)
  to   space 31744K, 0% used [0x00000000f5200000,0x00000000f5200000,0x00000000f7100000)
 ParOldGen       total 102400K, used 77978K [0x00000000a0000000, 0x00000000a6400000, 0x00000000e0000000)
  object space 102400K, 76% used [0x00000000a0000000,0x00000000a4c26908,0x00000000a6400000)
 Metaspace       used 93532K, capacity 98590K, committed 98600K, reserved 1134592K
  class space    used 12625K, capacity 13735K, committed 13744K, reserved 1048576K
Event: 108.814 GC heap after
Heap after GC invocations=25 (full 3):
 PSYoungGen      total 342528K, used 28382K [0x00000000e0000000, 0x00000000f7a00000, 0x0000000100000000)
  eden space 310784K, 0% used [0x00000000e0000000,0x00000000e0000000,0x00000000f2f80000)
  from space 31744K, 89% used [0x00000000f5200000,0x00000000f6db7848,0x00000000f7100000)
  to   space 35328K, 0% used [0x00000000f2f80000,0x00000000f2f80000,0x00000000f5200000)
 ParOldGen       total 102400K, used 77986K [0x00000000a0000000, 0x00000000a6400000, 0x00000000e0000000)
  object space 102400K, 76% used [0x00000000a0000000,0x00000000a4c28908,0x00000000a6400000)
 Metaspace       used 93532K, capacity 98590K, committed 98600K, reserved 1134592K
  class space    used 12625K, capacity 13735K, committed 13744K, reserved 1048576K
}
Event: 108.814 GC heap before
{Heap before GC invocations=26 (full 4):
 PSYoungGen      total 342528K, used 28382K [0x00000000e0000000, 0x00000000f7a00000, 0x0000000100000000)
  eden space 310784K, 0% used [0x00000000e0000000,0x00000000e0000000,0x00000000f2f80000)
  from space 31744K, 89% used [0x00000000f5200000,0x00000000f6db7848,0x00000000f7100000)
  to   space 35328K, 0% used [0x00000000f2f80000,0x00000000f2f80000,0x00000000f5200000)
 ParOldGen       total 102400K, used 77986K [0x00000000a0000000, 0x00000000a6400000, 0x00000000e0000000)
  object space 102400K, 76% used [0x00000000a0000000,0x00000000a4c28908,0x00000000a6400000)
 Metaspace       used 93532K, capacity 98590K, committed 98600K, reserved 1134592K
  class space    used 12625K, capacity 13735K, committed 13744K, reserved 1048576K
Event: 109.020 GC heap after
Heap after GC invocations=26 (full 4):
 PSYoungGen      total 342528K, used 0K [0x00000000e0000000, 0x00000000f7a00000, 0x0000000100000000)
  eden space 310784K, 0% used [0x00000000e0000000,0x00000000e0000000,0x00000000f2f80000)
  from space 31744K, 0% used [0x00000000f5200000,0x00000000f5200000,0x00000000f7100000)
  to   space 35328K, 0% used [0x00000000f2f80000,0x00000000f2f80000,0x00000000f5200000)
 ParOldGen       total 193536K, used 98199K [0x00000000a0000000, 0x00000000abd00000, 0x00000000e0000000)
  object space 193536K, 50% used [0x00000000a0000000,0x00000000a5fe5c10,0x00000000abd00000)
 Metaspace       used 93204K, capacity 97668K, committed 98600K, reserved 1134592K
  class space    used 12518K, capacity 13546K, committed 13744K, reserved 1048576K
}
Event: 121.230 GC heap before
{Heap before GC invocations=27 (full 4):
 PSYoungGen      total 342528K, used 310784K [0x00000000e0000000, 0x00000000f7a00000, 0x0000000100000000)
  eden space 310784K, 100% used [0x00000000e0000000,0x00000000f2f80000,0x00000000f2f80000)
  from space 31744K, 0% used [0x00000000f5200000,0x00000000f5200000,0x00000000f7100000)
  to   space 35328K, 0% used [0x00000000f2f80000,0x00000000f2f80000,0x00000000f5200000)
 ParOldGen       total 193536K, used 98199K [0x00000000a0000000, 0x00000000abd00000, 0x00000000e0000000)
  object space 193536K, 50% used [0x00000000a0000000,0x00000000a5fe5c10,0x00000000abd00000)
 Metaspace       used 95873K, capacity 100568K, committed 101288K, reserved 1136640K
  class space    used 12769K, capacity 13856K, committed 14000K, reserved 1048576K
Event: 121.250 GC heap after
Heap after GC invocations=27 (full 4):
 PSYoungGen      total 346112K, used 18396K [0x00000000e0000000, 0x00000000f9680000, 0x0000000100000000)
  eden space 310784K, 0% used [0x00000000e0000000,0x00000000e0000000,0x00000000f2f80000)
  from space 35328K, 52% used [0x00000000f2f80000,0x00000000f41773f8,0x00000000f5200000)
  to   space 34304K, 0% used [0x00000000f7500000,0x00000000f7500000,0x00000000f9680000)
 ParOldGen       total 193536K, used 98207K [0x00000000a0000000, 0x00000000abd00000, 0x00000000e0000000)
  object space 193536K, 50% used [0x00000000a0000000,0x00000000a5fe7c10,0x00000000abd00000)
 Metaspace       used 95873K, capacity 100568K, committed 101288K, reserved 1136640K
  class space    used 12769K, capacity 13856K, committed 14000K, reserved 1048576K
}
Event: 122.164 GC heap before
{Heap before GC invocations=28 (full 4):
 PSYoungGen      total 346112K, used 329180K [0x00000000e0000000, 0x00000000f9680000, 0x0000000100000000)
  eden space 310784K, 100% used [0x00000000e0000000,0x00000000f2f80000,0x00000000f2f80000)
  from space 35328K, 52% used [0x00000000f2f80000,0x00000000f41773f8,0x00000000f5200000)
  to   space 34304K, 0% used [0x00000000f7500000,0x00000000f7500000,0x00000000f9680000)
 ParOldGen       total 193536K, used 98207K [0x00000000a0000000, 0x00000000abd00000, 0x00000000e0000000)
  object space 193536K, 50% used [0x00000000a0000000,0x00000000a5fe7c10,0x00000000abd00000)
 Metaspace       used 96544K, capacity 101256K, committed 101928K, reserved 1136640K
  class space    used 12840K, capacity 13936K, committed 14128K, reserved 1048576K
Event: 122.197 GC heap after
Heap after GC invocations=28 (full 4):
 PSYoungGen      total 345088K, used 34280K [0x00000000e0000000, 0x00000000f9680000, 0x0000000100000000)
  eden space 310784K, 0% used [0x00000000e0000000,0x00000000e0000000,0x00000000f2f80000)
  from space 34304K, 99% used [0x00000000f7500000,0x00000000f967a3c8,0x00000000f9680000)
  to   space 35328K, 0% used [0x00000000f2f80000,0x00000000f2f80000,0x00000000f5200000)
 ParOldGen       total 193536K, used 103542K [0x00000000a0000000, 0x00000000abd00000, 0x00000000e0000000)
  object space 193536K, 53% used [0x00000000a0000000,0x00000000a651d918,0x00000000abd00000)
 Metaspace       used 96544K, capacity 101256K, committed 101928K, reserved 1136640K
  class space    used 12840K, capacity 13936K, committed 14128K, reserved 1048576K
}
Event: 122.689 GC heap before
{Heap before GC invocations=29 (full 4):
 PSYoungGen      total 345088K, used 345064K [0x00000000e0000000, 0x00000000f9680000, 0x0000000100000000)
  eden space 310784K, 100% used [0x00000000e0000000,0x00000000f2f80000,0x00000000f2f80000)
  from space 34304K, 99% used [0x00000000f7500000,0x00000000f967a3c8,0x00000000f9680000)
  to   space 35328K, 0% used [0x00000000f2f80000,0x00000000f2f80000,0x00000000f5200000)
 ParOldGen       total 193536K, used 103542K [0x00000000a0000000, 0x00000000abd00000, 0x00000000e0000000)
  object space 193536K, 53% used [0x00000000a0000000,0x00000000a651d918,0x00000000abd00000)
 Metaspace       used 97218K, capacity 102018K, committed 102440K, reserved 1138688K
  class space    used 12891K, capacity 13981K, committed 14128K, reserved 1048576K
Event: 122.718 GC heap after
Heap after GC invocations=29 (full 4):
 PSYoungGen      total 346112K, used 35306K [0x00000000e0000000, 0x00000000f9680000, 0x0000000100000000)
  eden space 310784K, 0% used [0x00000000e0000000,0x00000000e0000000,0x00000000f2f80000)
  from space 35328K, 99% used [0x00000000f2f80000,0x00000000f51faa90,0x00000000f5200000)
  to   space 34304K, 0% used [0x00000000f7500000,0x00000000f7500000,0x00000000f9680000)
 ParOldGen       total 193536K, used 108368K [0x00000000a0000000, 0x00000000abd00000, 0x00000000e0000000)
  object space 193536K, 55% used [0x00000000a0000000,0x00000000a69d41a0,0x00000000abd00000)
 Metaspace       used 97218K, capacity 102018K, committed 102440K, reserved 1138688K
  class space    used 12891K, capacity 13981K, committed 14128K, reserved 1048576K
}

