# JRE version: OpenJDK Runtime Environment (8.0_242-b01) (build 1.8.0_242-release-1644-b01)
# Java VM: OpenJDK 64-Bit Server VM (25.242-b01 mixed mode windows-amd64 compressed oops)
Heap:
 PSYoungGen      total 398848K, used 309963K [0x00000000e0000000, 0x0000000100000000, 0x0000000100000000)
  eden space 322560K, 72% used [0x00000000e0000000,0x00000000ee4a1cb0,0x00000000f3b00000)
  from space 76288K, 99% used [0x00000000f3b00000,0x00000000f8511088,0x00000000f8580000)
  to   space 107520K, 0% used [0x00000000f9700000,0x00000000f9700000,0x0000000100000000)
 ParOldGen       total 460288K, used 93527K [0x00000000a0000000, 0x00000000bc180000, 0x00000000e0000000)
  object space 460288K, 20% used [0x00000000a0000000,0x00000000a5b55eb0,0x00000000bc180000)
 Metaspace       used 148474K, capacity 157184K, committed 157720K, reserved 1185792K
  class space    used 18838K, capacity 20525K, committed 20776K, reserved 1048576K
GC Heap History (10 events):
Event: 9250.659 GC heap before
{Heap before GC invocations=57 (full 8):
 PSYoungGen      total 396288K, used 352986K [0x00000000e0000000, 0x0000000100000000, 0x0000000100000000)
  eden space 292864K, 100% used [0x00000000e0000000,0x00000000f1e00000,0x00000000f1e00000)
  from space 103424K, 58% used [0x00000000f8800000,0x00000000fc2b6ae0,0x00000000fed00000)
  to   space 108544K, 0% used [0x00000000f1e00000,0x00000000f1e00000,0x00000000f8800000)
 ParOldGen       total 460288K, used 93487K [0x00000000a0000000, 0x00000000bc180000, 0x00000000e0000000)
  object space 460288K, 20% used [0x00000000a0000000,0x00000000a5b4beb0,0x00000000bc180000)
 Metaspace       used 146912K, capacity 154676K, committed 156568K, reserved 1185792K
  class space    used 18703K, capacity 20224K, committed 20648K, reserved 1048576K
Event: 9250.679 GC heap after
Heap after GC invocations=57 (full 8):
 PSYoungGen      total 401408K, used 22933K [0x00000000e0000000, 0x00000000ff700000, 0x0000000100000000)
  eden space 292864K, 0% used [0x00000000e0000000,0x00000000e0000000,0x00000000f1e00000)
  from space 108544K, 21% used [0x00000000f1e00000,0x00000000f3465720,0x00000000f8800000)
  to   space 101376K, 0% used [0x00000000f9400000,0x00000000f9400000,0x00000000ff700000)
 ParOldGen       total 460288K, used 93495K [0x00000000a0000000, 0x00000000bc180000, 0x00000000e0000000)
  object space 460288K, 20% used [0x00000000a0000000,0x00000000a5b4deb0,0x00000000bc180000)
 Metaspace       used 146912K, capacity 154676K, committed 156568K, reserved 1185792K
  class space    used 18703K, capacity 20224K, committed 20648K, reserved 1048576K
}
Event: 9276.109 GC heap before
{Heap before GC invocations=58 (full 8):
 PSYoungGen      total 401408K, used 315797K [0x00000000e0000000, 0x00000000ff700000, 0x0000000100000000)
  eden space 292864K, 100% used [0x00000000e0000000,0x00000000f1e00000,0x00000000f1e00000)
  from space 108544K, 21% used [0x00000000f1e00000,0x00000000f3465720,0x00000000f8800000)
  to   space 101376K, 0% used [0x00000000f9400000,0x00000000f9400000,0x00000000ff700000)
 ParOldGen       total 460288K, used 93495K [0x00000000a0000000, 0x00000000bc180000, 0x00000000e0000000)
  object space 460288K, 20% used [0x00000000a0000000,0x00000000a5b4deb0,0x00000000bc180000)
 Metaspace       used 147265K, capacity 155190K, committed 156824K, reserved 1185792K
  class space    used 18726K, capacity 20263K, committed 20648K, reserved 1048576K
Event: 9276.131 GC heap after
Heap after GC invocations=58 (full 8):
 PSYoungGen      total 411648K, used 46997K [0x00000000e0000000, 0x00000000ff600000, 0x0000000100000000)
  eden space 311296K, 0% used [0x00000000e0000000,0x00000000e0000000,0x00000000f3000000)
  from space 100352K, 46% used [0x00000000f9400000,0x00000000fc1e5720,0x00000000ff600000)
  to   space 101376K, 0% used [0x00000000f3000000,0x00000000f3000000,0x00000000f9300000)
 ParOldGen       total 460288K, used 93503K [0x00000000a0000000, 0x00000000bc180000, 0x00000000e0000000)
  object space 460288K, 20% used [0x00000000a0000000,0x00000000a5b4feb0,0x00000000bc180000)
 Metaspace       used 147265K, capacity 155190K, committed 156824K, reserved 1185792K
  class space    used 18726K, capacity 20263K, committed 20648K, reserved 1048576K
}
Event: 9309.450 GC heap before
{Heap before GC invocations=59 (full 8):
 PSYoungGen      total 411648K, used 358293K [0x00000000e0000000, 0x00000000ff600000, 0x0000000100000000)
  eden space 311296K, 100% used [0x00000000e0000000,0x00000000f3000000,0x00000000f3000000)
  from space 100352K, 46% used [0x00000000f9400000,0x00000000fc1e5720,0x00000000ff600000)
  to   space 101376K, 0% used [0x00000000f3000000,0x00000000f3000000,0x00000000f9300000)
 ParOldGen       total 460288K, used 93503K [0x00000000a0000000, 0x00000000bc180000, 0x00000000e0000000)
  object space 460288K, 20% used [0x00000000a0000000,0x00000000a5b4feb0,0x00000000bc180000)
 Metaspace       used 147719K, capacity 156010K, committed 157080K, reserved 1185792K
  class space    used 18771K, capacity 20345K, committed 20648K, reserved 1048576K
Event: 9310.563 GC heap after
Heap after GC invocations=59 (full 8):
 PSYoungGen      total 412672K, used 40213K [0x00000000e0000000, 0x00000000ffa00000, 0x0000000100000000)
  eden space 311296K, 0% used [0x00000000e0000000,0x00000000e0000000,0x00000000f3000000)
  from space 101376K, 39% used [0x00000000f3000000,0x00000000f5745710,0x00000000f9300000)
  to   space 97792K, 0% used [0x00000000f9a80000,0x00000000f9a80000,0x00000000ffa00000)
 ParOldGen       total 460288K, used 93511K [0x00000000a0000000, 0x00000000bc180000, 0x00000000e0000000)
  object space 460288K, 20% used [0x00000000a0000000,0x00000000a5b51eb0,0x00000000bc180000)
 Metaspace       used 147719K, capacity 156010K, committed 157080K, reserved 1185792K
  class space    used 18771K, capacity 20345K, committed 20648K, reserved 1048576K
}
Event: 14046.358 GC heap before
{Heap before GC invocations=60 (full 8):
 PSYoungGen      total 412672K, used 351509K [0x00000000e0000000, 0x00000000ffa00000, 0x0000000100000000)
  eden space 311296K, 100% used [0x00000000e0000000,0x00000000f3000000,0x00000000f3000000)
  from space 101376K, 39% used [0x00000000f3000000,0x00000000f5745710,0x00000000f9300000)
  to   space 97792K, 0% used [0x00000000f9a80000,0x00000000f9a80000,0x00000000ffa00000)
 ParOldGen       total 460288K, used 93511K [0x00000000a0000000, 0x00000000bc180000, 0x00000000e0000000)
  object space 460288K, 20% used [0x00000000a0000000,0x00000000a5b51eb0,0x00000000bc180000)
 Metaspace       used 147869K, capacity 156190K, committed 157336K, reserved 1185792K
  class space    used 18771K, capacity 20345K, committed 20648K, reserved 1048576K
Event: 14046.466 GC heap after
Heap after GC invocations=60 (full 8):
 PSYoungGen      total 420352K, used 48485K [0x00000000e0000000, 0x00000000ffc80000, 0x0000000100000000)
  eden space 322560K, 0% used [0x00000000e0000000,0x00000000e0000000,0x00000000f3b00000)
  from space 97792K, 49% used [0x00000000f9a80000,0x00000000fc9d9730,0x00000000ffa00000)
  to   space 97792K, 0% used [0x00000000f3b00000,0x00000000f3b00000,0x00000000f9a80000)
 ParOldGen       total 460288K, used 93519K [0x00000000a0000000, 0x00000000bc180000, 0x00000000e0000000)
  object space 460288K, 20% used [0x00000000a0000000,0x00000000a5b53eb0,0x00000000bc180000)
 Metaspace       used 147869K, capacity 156190K, committed 157336K, reserved 1185792K
  class space    used 18771K, capacity 20345K, committed 20648K, reserved 1048576K
}
Event: 14240.885 GC heap before
{Heap before GC invocations=61 (full 8):
 PSYoungGen      total 420352K, used 369639K [0x00000000e0000000, 0x00000000ffc80000, 0x0000000100000000)
  eden space 322560K, 99% used [0x00000000e0000000,0x00000000f39a0718,0x00000000f3b00000)
  from space 97792K, 49% used [0x00000000f9a80000,0x00000000fc9d9730,0x00000000ffa00000)
  to   space 97792K, 0% used [0x00000000f3b00000,0x00000000f3b00000,0x00000000f9a80000)
 ParOldGen       total 460288K, used 93519K [0x00000000a0000000, 0x00000000bc180000, 0x00000000e0000000)
  object space 460288K, 20% used [0x00000000a0000000,0x00000000a5b53eb0,0x00000000bc180000)
 Metaspace       used 148110K, capacity 156600K, committed 157336K, reserved 1185792K
  class space    used 18807K, capacity 20440K, committed 20648K, reserved 1048576K
Event: 14242.151 GC heap after
Heap after GC invocations=61 (full 8):
 PSYoungGen      total 398848K, used 75844K [0x00000000e0000000, 0x0000000100000000, 0x0000000100000000)
  eden space 322560K, 0% used [0x00000000e0000000,0x00000000e0000000,0x00000000f3b00000)
  from space 76288K, 99% used [0x00000000f3b00000,0x00000000f8511088,0x00000000f8580000)
  to   space 107520K, 0% used [0x00000000f9700000,0x00000000f9700000,0x0000000100000000)
 ParOldGen       total 460288K, used 93527K [0x00000000a0000000, 0x00000000bc180000, 0x00000000e0000000)
  object space 460288K, 20% used [0x00000000a0000000,0x00000000a5b55eb0,0x00000000bc180000)
 Metaspace       used 148110K, capacity 156600K, committed 157336K, reserved 1185792K
  class space    used 18807K, capacity 20440K, committed 20648K, reserved 1048576K
}

