# JRE version: OpenJDK Runtime Environment (8.0_242-b01) (build 1.8.0_242-release-1644-b01)
# Java VM: OpenJDK 64-Bit Server VM (25.242-b01 mixed mode windows-amd64 compressed oops)
Heap:
 PSYoungGen      total 359936K, used 318295K [0x00000000e0000000, 0x00000000fb580000, 0x0000000100000000)
  eden space 335872K, 92% used [0x00000000e0000000,0x00000000f3050f80,0x00000000f4800000)
  from space 24064K, 27% used [0x00000000f4800000,0x00000000f4e84e20,0x00000000f5f80000)
  to   space 23552K, 0% used [0x00000000f9e80000,0x00000000f9e80000,0x00000000fb580000)
 ParOldGen       total 104960K, used 49151K [0x00000000a0000000, 0x00000000a6680000, 0x00000000e0000000)
  object space 104960K, 46% used [0x00000000a0000000,0x00000000a2fffda0,0x00000000a6680000)
 Metaspace       used 77185K, capacity 81174K, committed 81320K, reserved 1120256K
  class space    used 10166K, capacity 11105K, committed 11176K, reserved 1048576K
GC Heap History (10 events):
Event: 13.549 GC heap before
{Heap before GC invocations=14 (full 2):
 PSYoungGen      total 187392K, used 187373K [0x00000000e0000000, 0x00000000f1680000, 0x0000000100000000)
  eden space 174592K, 100% used [0x00000000e0000000,0x00000000eaa80000,0x00000000eaa80000)
  from space 12800K, 99% used [0x00000000eaa80000,0x00000000eb6fb640,0x00000000eb700000)
  to   space 16896K, 0% used [0x00000000f0600000,0x00000000f0600000,0x00000000f1680000)
 ParOldGen       total 65024K, used 22712K [0x00000000a0000000, 0x00000000a3f80000, 0x00000000e0000000)
  object space 65024K, 34% used [0x00000000a0000000,0x00000000a162e0b0,0x00000000a3f80000)
 Metaspace       used 56377K, capacity 58276K, committed 58408K, reserved 1099776K
  class space    used 7679K, capacity 8172K, committed 8232K, reserved 1048576K
Event: 13.582 GC heap after
Heap after GC invocations=14 (full 2):
 PSYoungGen      total 262144K, used 16879K [0x00000000e0000000, 0x00000000f1f80000, 0x0000000100000000)
  eden space 245248K, 0% used [0x00000000e0000000,0x00000000e0000000,0x00000000eef80000)
  from space 16896K, 99% used [0x00000000f0600000,0x00000000f167bea8,0x00000000f1680000)
  to   space 23040K, 0% used [0x00000000eef80000,0x00000000eef80000,0x00000000f0600000)
 ParOldGen       total 65024K, used 33780K [0x00000000a0000000, 0x00000000a3f80000, 0x00000000e0000000)
  object space 65024K, 51% used [0x00000000a0000000,0x00000000a20fd3c8,0x00000000a3f80000)
 Metaspace       used 56377K, capacity 58276K, committed 58408K, reserved 1099776K
  class space    used 7679K, capacity 8172K, committed 8232K, reserved 1048576K
}
Event: 14.220 GC heap before
{Heap before GC invocations=15 (full 2):
 PSYoungGen      total 262144K, used 51493K [0x00000000e0000000, 0x00000000f1f80000, 0x0000000100000000)
  eden space 245248K, 14% used [0x00000000e0000000,0x00000000e21cd720,0x00000000eef80000)
  from space 16896K, 99% used [0x00000000f0600000,0x00000000f167bea8,0x00000000f1680000)
  to   space 23040K, 0% used [0x00000000eef80000,0x00000000eef80000,0x00000000f0600000)
 ParOldGen       total 65024K, used 33780K [0x00000000a0000000, 0x00000000a3f80000, 0x00000000e0000000)
  object space 65024K, 51% used [0x00000000a0000000,0x00000000a20fd3c8,0x00000000a3f80000)
 Metaspace       used 57147K, capacity 59098K, committed 59160K, reserved 1099776K
  class space    used 7788K, capacity 8327K, committed 8360K, reserved 1048576K
Event: 14.230 GC heap after
Heap after GC invocations=15 (full 2):
 PSYoungGen      total 268288K, used 2912K [0x00000000e0000000, 0x00000000f7e00000, 0x0000000100000000)
  eden space 245248K, 0% used [0x00000000e0000000,0x00000000e0000000,0x00000000eef80000)
  from space 23040K, 12% used [0x00000000eef80000,0x00000000ef2582f8,0x00000000f0600000)
  to   space 23040K, 0% used [0x00000000f6780000,0x00000000f6780000,0x00000000f7e00000)
 ParOldGen       total 65024K, used 44250K [0x00000000a0000000, 0x00000000a3f80000, 0x00000000e0000000)
  object space 65024K, 68% used [0x00000000a0000000,0x00000000a2b368e0,0x00000000a3f80000)
 Metaspace       used 57147K, capacity 59098K, committed 59160K, reserved 1099776K
  class space    used 7788K, capacity 8327K, committed 8360K, reserved 1048576K
}
Event: 14.230 GC heap before
{Heap before GC invocations=16 (full 3):
 PSYoungGen      total 268288K, used 2912K [0x00000000e0000000, 0x00000000f7e00000, 0x0000000100000000)
  eden space 245248K, 0% used [0x00000000e0000000,0x00000000e0000000,0x00000000eef80000)
  from space 23040K, 12% used [0x00000000eef80000,0x00000000ef2582f8,0x00000000f0600000)
  to   space 23040K, 0% used [0x00000000f6780000,0x00000000f6780000,0x00000000f7e00000)
 ParOldGen       total 65024K, used 44250K [0x00000000a0000000, 0x00000000a3f80000, 0x00000000e0000000)
  object space 65024K, 68% used [0x00000000a0000000,0x00000000a2b368e0,0x00000000a3f80000)
 Metaspace       used 57147K, capacity 59098K, committed 59160K, reserved 1099776K
  class space    used 7788K, capacity 8327K, committed 8360K, reserved 1048576K
Event: 14.446 GC heap after
Heap after GC invocations=16 (full 3):
 PSYoungGen      total 268288K, used 0K [0x00000000e0000000, 0x00000000f7e00000, 0x0000000100000000)
  eden space 245248K, 0% used [0x00000000e0000000,0x00000000e0000000,0x00000000eef80000)
  from space 23040K, 0% used [0x00000000eef80000,0x00000000eef80000,0x00000000f0600000)
  to   space 23040K, 0% used [0x00000000f6780000,0x00000000f6780000,0x00000000f7e00000)
 ParOldGen       total 104960K, used 38295K [0x00000000a0000000, 0x00000000a6680000, 0x00000000e0000000)
  object space 104960K, 36% used [0x00000000a0000000,0x00000000a2565dd8,0x00000000a6680000)
 Metaspace       used 57147K, capacity 59098K, committed 59160K, reserved 1099776K
  class space    used 7788K, capacity 8327K, committed 8360K, reserved 1048576K
}
Event: 239.049 GC heap before
{Heap before GC invocations=17 (full 3):
 PSYoungGen      total 268288K, used 245248K [0x00000000e0000000, 0x00000000f7e00000, 0x0000000100000000)
  eden space 245248K, 100% used [0x00000000e0000000,0x00000000eef80000,0x00000000eef80000)
  from space 23040K, 0% used [0x00000000eef80000,0x00000000eef80000,0x00000000f0600000)
  to   space 23040K, 0% used [0x00000000f6780000,0x00000000f6780000,0x00000000f7e00000)
 ParOldGen       total 104960K, used 38295K [0x00000000a0000000, 0x00000000a6680000, 0x00000000e0000000)
  object space 104960K, 36% used [0x00000000a0000000,0x00000000a2565dd8,0x00000000a6680000)
 Metaspace       used 65140K, capacity 67518K, committed 67752K, reserved 1107968K
  class space    used 8675K, capacity 9305K, committed 9384K, reserved 1048576K
Event: 239.066 GC heap after
Heap after GC invocations=17 (full 3):
 PSYoungGen      total 334336K, used 15807K [0x00000000e0000000, 0x00000000f7700000, 0x0000000100000000)
  eden space 318464K, 0% used [0x00000000e0000000,0x00000000e0000000,0x00000000f3700000)
  from space 15872K, 99% used [0x00000000f6780000,0x00000000f76efcc0,0x00000000f7700000)
  to   space 24064K, 0% used [0x00000000f4800000,0x00000000f4800000,0x00000000f5f80000)
 ParOldGen       total 104960K, used 38311K [0x00000000a0000000, 0x00000000a6680000, 0x00000000e0000000)
  object space 104960K, 36% used [0x00000000a0000000,0x00000000a2569dd8,0x00000000a6680000)
 Metaspace       used 65140K, capacity 67518K, committed 67752K, reserved 1107968K
  class space    used 8675K, capacity 9305K, committed 9384K, reserved 1048576K
}
Event: 255.527 GC heap before
{Heap before GC invocations=18 (full 3):
 PSYoungGen      total 334336K, used 334271K [0x00000000e0000000, 0x00000000f7700000, 0x0000000100000000)
  eden space 318464K, 100% used [0x00000000e0000000,0x00000000f3700000,0x00000000f3700000)
  from space 15872K, 99% used [0x00000000f6780000,0x00000000f76efcc0,0x00000000f7700000)
  to   space 24064K, 0% used [0x00000000f4800000,0x00000000f4800000,0x00000000f5f80000)
 ParOldGen       total 104960K, used 38311K [0x00000000a0000000, 0x00000000a6680000, 0x00000000e0000000)
  object space 104960K, 36% used [0x00000000a0000000,0x00000000a2569dd8,0x00000000a6680000)
 Metaspace       used 66277K, capacity 69234K, committed 69288K, reserved 1110016K
  class space    used 8803K, capacity 9600K, committed 9640K, reserved 1048576K
Event: 255.542 GC heap after
Heap after GC invocations=18 (full 3):
 PSYoungGen      total 359936K, used 6675K [0x00000000e0000000, 0x00000000fb580000, 0x0000000100000000)
  eden space 335872K, 0% used [0x00000000e0000000,0x00000000e0000000,0x00000000f4800000)
  from space 24064K, 27% used [0x00000000f4800000,0x00000000f4e84e20,0x00000000f5f80000)
  to   space 23552K, 0% used [0x00000000f9e80000,0x00000000f9e80000,0x00000000fb580000)
 ParOldGen       total 104960K, used 49151K [0x00000000a0000000, 0x00000000a6680000, 0x00000000e0000000)
  object space 104960K, 46% used [0x00000000a0000000,0x00000000a2fffda0,0x00000000a6680000)
 Metaspace       used 66277K, capacity 69234K, committed 69288K, reserved 1110016K
  class space    used 8803K, capacity 9600K, committed 9640K, reserved 1048576K
}

