# JRE version: OpenJDK Runtime Environment (8.0_242-b01) (build 1.8.0_242-release-1644-b01)
# Java VM: OpenJDK 64-Bit Server VM (25.242-b01 mixed mode windows-amd64 compressed oops)
Heap:
 PSYoungGen      total 464384K, used 161660K [0x00000000e0000000, 0x0000000100000000, 0x0000000100000000)
  eden space 403456K, 40% used [0x00000000e0000000,0x00000000e9ddf028,0x00000000f8a00000)
  from space 60928K, 0% used [0x00000000fc480000,0x00000000fc480000,0x0000000100000000)
  to   space 59904K, 0% used [0x00000000f8a00000,0x00000000f8a00000,0x00000000fc480000)
 ParOldGen       total 232448K, used 193015K [0x00000000a0000000, 0x00000000ae300000, 0x00000000e0000000)
  object space 232448K, 83% used [0x00000000a0000000,0x00000000abc7de98,0x00000000ae300000)
 Metaspace       used 102660K, capacity 108326K, committed 109736K, reserved 1144832K
  class space    used 13377K, capacity 14565K, committed 15024K, reserved 1048576K
GC Heap History (10 events):
Event: 105.544 GC heap before
{Heap before GC invocations=35 (full 4):
 PSYoungGen      total 347136K, used 340615K [0x00000000e0000000, 0x00000000f8700000, 0x0000000100000000)
  eden space 307712K, 100% used [0x00000000e0000000,0x00000000f2c80000,0x00000000f2c80000)
  from space 39424K, 83% used [0x00000000f5600000,0x00000000f7621fc0,0x00000000f7c80000)
  to   space 42496K, 0% used [0x00000000f2c80000,0x00000000f2c80000,0x00000000f5600000)
 ParOldGen       total 232448K, used 103348K [0x00000000a0000000, 0x00000000ae300000, 0x00000000e0000000)
  object space 232448K, 44% used [0x00000000a0000000,0x00000000a64ed2c0,0x00000000ae300000)
 Metaspace       used 101955K, capacity 108016K, committed 108200K, reserved 1142784K
  class space    used 13434K, capacity 14724K, committed 14768K, reserved 1048576K
Event: 105.581 GC heap after
Heap after GC invocations=35 (full 4):
 PSYoungGen      total 350208K, used 39587K [0x00000000e0000000, 0x00000000fc300000, 0x0000000100000000)
  eden space 307712K, 0% used [0x00000000e0000000,0x00000000e0000000,0x00000000f2c80000)
  from space 42496K, 93% used [0x00000000f2c80000,0x00000000f5328db8,0x00000000f5600000)
  to   space 47616K, 0% used [0x00000000f9480000,0x00000000f9480000,0x00000000fc300000)
 ParOldGen       total 232448K, used 116940K [0x00000000a0000000, 0x00000000ae300000, 0x00000000e0000000)
  object space 232448K, 50% used [0x00000000a0000000,0x00000000a7233148,0x00000000ae300000)
 Metaspace       used 101955K, capacity 108016K, committed 108200K, reserved 1142784K
  class space    used 13434K, capacity 14724K, committed 14768K, reserved 1048576K
}
Event: 106.061 GC heap before
{Heap before GC invocations=36 (full 4):
 PSYoungGen      total 350208K, used 347299K [0x00000000e0000000, 0x00000000fc300000, 0x0000000100000000)
  eden space 307712K, 100% used [0x00000000e0000000,0x00000000f2c80000,0x00000000f2c80000)
  from space 42496K, 93% used [0x00000000f2c80000,0x00000000f5328db8,0x00000000f5600000)
  to   space 47616K, 0% used [0x00000000f9480000,0x00000000f9480000,0x00000000fc300000)
 ParOldGen       total 232448K, used 116940K [0x00000000a0000000, 0x00000000ae300000, 0x00000000e0000000)
  object space 232448K, 50% used [0x00000000a0000000,0x00000000a7233148,0x00000000ae300000)
 Metaspace       used 102207K, capacity 108350K, committed 108456K, reserved 1142784K
  class space    used 13463K, capacity 14759K, committed 14768K, reserved 1048576K
Event: 106.097 GC heap after
Heap after GC invocations=36 (full 4):
 PSYoungGen      total 413696K, used 30269K [0x00000000e0000000, 0x00000000fc980000, 0x0000000100000000)
  eden space 366080K, 0% used [0x00000000e0000000,0x00000000e0000000,0x00000000f6580000)
  from space 47616K, 63% used [0x00000000f9480000,0x00000000fb20f500,0x00000000fc300000)
  to   space 48128K, 0% used [0x00000000f6580000,0x00000000f6580000,0x00000000f9480000)
 ParOldGen       total 232448K, used 138827K [0x00000000a0000000, 0x00000000ae300000, 0x00000000e0000000)
  object space 232448K, 59% used [0x00000000a0000000,0x00000000a8792c18,0x00000000ae300000)
 Metaspace       used 102207K, capacity 108350K, committed 108456K, reserved 1142784K
  class space    used 13463K, capacity 14759K, committed 14768K, reserved 1048576K
}
Event: 106.656 GC heap before
{Heap before GC invocations=37 (full 4):
 PSYoungGen      total 413696K, used 396349K [0x00000000e0000000, 0x00000000fc980000, 0x0000000100000000)
  eden space 366080K, 100% used [0x00000000e0000000,0x00000000f6580000,0x00000000f6580000)
  from space 47616K, 63% used [0x00000000f9480000,0x00000000fb20f500,0x00000000fc300000)
  to   space 48128K, 0% used [0x00000000f6580000,0x00000000f6580000,0x00000000f9480000)
 ParOldGen       total 232448K, used 138827K [0x00000000a0000000, 0x00000000ae300000, 0x00000000e0000000)
  object space 232448K, 59% used [0x00000000a0000000,0x00000000a8792c18,0x00000000ae300000)
 Metaspace       used 102376K, capacity 108620K, committed 108840K, reserved 1142784K
  class space    used 13488K, capacity 14814K, committed 14896K, reserved 1048576K
Event: 106.712 GC heap after
Heap after GC invocations=37 (full 4):
 PSYoungGen      total 414208K, used 48122K [0x00000000e0000000, 0x0000000100000000, 0x0000000100000000)
  eden space 366080K, 0% used [0x00000000e0000000,0x00000000e0000000,0x00000000f6580000)
  from space 48128K, 99% used [0x00000000f6580000,0x00000000f947e8e0,0x00000000f9480000)
  to   space 60928K, 0% used [0x00000000fc480000,0x00000000fc480000,0x0000000100000000)
 ParOldGen       total 232448K, used 155400K [0x00000000a0000000, 0x00000000ae300000, 0x00000000e0000000)
  object space 232448K, 66% used [0x00000000a0000000,0x00000000a97c2330,0x00000000ae300000)
 Metaspace       used 102376K, capacity 108620K, committed 108840K, reserved 1142784K
  class space    used 13488K, capacity 14814K, committed 14896K, reserved 1048576K
}
Event: 107.482 GC heap before
{Heap before GC invocations=38 (full 4):
 PSYoungGen      total 414208K, used 414202K [0x00000000e0000000, 0x0000000100000000, 0x0000000100000000)
  eden space 366080K, 100% used [0x00000000e0000000,0x00000000f6580000,0x00000000f6580000)
  from space 48128K, 99% used [0x00000000f6580000,0x00000000f947e8e0,0x00000000f9480000)
  to   space 60928K, 0% used [0x00000000fc480000,0x00000000fc480000,0x0000000100000000)
 ParOldGen       total 232448K, used 155400K [0x00000000a0000000, 0x00000000ae300000, 0x00000000e0000000)
  object space 232448K, 66% used [0x00000000a0000000,0x00000000a97c2330,0x00000000ae300000)
 Metaspace       used 103169K, capacity 109566K, committed 109736K, reserved 1144832K
  class space    used 13579K, capacity 14935K, committed 15024K, reserved 1048576K
Event: 107.541 GC heap after
Heap after GC invocations=38 (full 4):
 PSYoungGen      total 464384K, used 33642K [0x00000000e0000000, 0x0000000100000000, 0x0000000100000000)
  eden space 403456K, 0% used [0x00000000e0000000,0x00000000e0000000,0x00000000f8a00000)
  from space 60928K, 55% used [0x00000000fc480000,0x00000000fe55abf8,0x0000000100000000)
  to   space 59904K, 0% used [0x00000000f8a00000,0x00000000f8a00000,0x00000000fc480000)
 ParOldGen       total 232448K, used 199075K [0x00000000a0000000, 0x00000000ae300000, 0x00000000e0000000)
  object space 232448K, 85% used [0x00000000a0000000,0x00000000ac268ec8,0x00000000ae300000)
 Metaspace       used 103169K, capacity 109566K, committed 109736K, reserved 1144832K
  class space    used 13579K, capacity 14935K, committed 15024K, reserved 1048576K
}
Event: 107.541 GC heap before
{Heap before GC invocations=39 (full 5):
 PSYoungGen      total 464384K, used 33642K [0x00000000e0000000, 0x0000000100000000, 0x0000000100000000)
  eden space 403456K, 0% used [0x00000000e0000000,0x00000000e0000000,0x00000000f8a00000)
  from space 60928K, 55% used [0x00000000fc480000,0x00000000fe55abf8,0x0000000100000000)
  to   space 59904K, 0% used [0x00000000f8a00000,0x00000000f8a00000,0x00000000fc480000)
 ParOldGen       total 232448K, used 199075K [0x00000000a0000000, 0x00000000ae300000, 0x00000000e0000000)
  object space 232448K, 85% used [0x00000000a0000000,0x00000000ac268ec8,0x00000000ae300000)
 Metaspace       used 103169K, capacity 109566K, committed 109736K, reserved 1144832K
  class space    used 13579K, capacity 14935K, committed 15024K, reserved 1048576K
Event: 107.995 GC heap after
Heap after GC invocations=39 (full 5):
 PSYoungGen      total 464384K, used 0K [0x00000000e0000000, 0x0000000100000000, 0x0000000100000000)
  eden space 403456K, 0% used [0x00000000e0000000,0x00000000e0000000,0x00000000f8a00000)
  from space 60928K, 0% used [0x00000000fc480000,0x00000000fc480000,0x0000000100000000)
  to   space 59904K, 0% used [0x00000000f8a00000,0x00000000f8a00000,0x00000000fc480000)
 ParOldGen       total 232448K, used 193015K [0x00000000a0000000, 0x00000000ae300000, 0x00000000e0000000)
  object space 232448K, 83% used [0x00000000a0000000,0x00000000abc7de98,0x00000000ae300000)
 Metaspace       used 102574K, capacity 108232K, committed 109736K, reserved 1144832K
  class space    used 13365K, capacity 14560K, committed 15024K, reserved 1048576K
}

