# JRE version: OpenJDK Runtime Environment (8.0_242-b01) (build 1.8.0_242-release-1644-b01)
# Java VM: OpenJDK 64-Bit Server VM (25.242-b01 mixed mode windows-amd64 compressed oops)
Heap:
 PSYoungGen      total 295936K, used 173031K [0x00000000e0000000, 0x00000000f6380000, 0x0000000100000000)
  eden space 273408K, 56% used [0x00000000e0000000,0x00000000e96613e8,0x00000000f0b00000)
  from space 22528K, 84% used [0x00000000f0b00000,0x00000000f1d98ab0,0x00000000f2100000)
  to   space 24576K, 0% used [0x00000000f4b80000,0x00000000f4b80000,0x00000000f6380000)
 ParOldGen       total 118272K, used 59573K [0x00000000a0000000, 0x00000000a7380000, 0x00000000e0000000)
  object space 118272K, 50% used [0x00000000a0000000,0x00000000a3a2d520,0x00000000a7380000)
 Metaspace       used 69958K, capacity 73482K, committed 73640K, reserved 1112064K
  class space    used 9263K, capacity 10088K, committed 10152K, reserved 1048576K
GC Heap History (10 events):
Event: 11.802 GC heap before
{Heap before GC invocations=14 (full 2):
 PSYoungGen      total 175104K, used 175081K [0x00000000e0000000, 0x00000000ef500000, 0x0000000100000000)
  eden space 162816K, 100% used [0x00000000e0000000,0x00000000e9f00000,0x00000000e9f00000)
  from space 12288K, 99% used [0x00000000e9f00000,0x00000000eaafa640,0x00000000eab00000)
  to   space 16384K, 0% used [0x00000000ee500000,0x00000000ee500000,0x00000000ef500000)
 ParOldGen       total 72704K, used 22431K [0x00000000a0000000, 0x00000000a4700000, 0x00000000e0000000)
  object space 72704K, 30% used [0x00000000a0000000,0x00000000a15e7df0,0x00000000a4700000)
 Metaspace       used 55876K, capacity 57632K, committed 57768K, reserved 1099776K
  class space    used 7599K, capacity 8093K, committed 8104K, reserved 1048576K
Event: 11.821 GC heap after
Heap after GC invocations=14 (full 2):
 PSYoungGen      total 230912K, used 16283K [0x00000000e0000000, 0x00000000ef580000, 0x0000000100000000)
  eden space 214528K, 0% used [0x00000000e0000000,0x00000000e0000000,0x00000000ed180000)
  from space 16384K, 99% used [0x00000000ee500000,0x00000000ef4e6d70,0x00000000ef500000)
  to   space 18432K, 0% used [0x00000000ed180000,0x00000000ed180000,0x00000000ee380000)
 ParOldGen       total 72704K, used 31924K [0x00000000a0000000, 0x00000000a4700000, 0x00000000e0000000)
  object space 72704K, 43% used [0x00000000a0000000,0x00000000a1f2d2d8,0x00000000a4700000)
 Metaspace       used 55876K, capacity 57632K, committed 57768K, reserved 1099776K
  class space    used 7599K, capacity 8093K, committed 8104K, reserved 1048576K
}
Event: 12.502 GC heap before
{Heap before GC invocations=15 (full 2):
 PSYoungGen      total 230912K, used 76035K [0x00000000e0000000, 0x00000000ef580000, 0x0000000100000000)
  eden space 214528K, 27% used [0x00000000e0000000,0x00000000e3a5a0c0,0x00000000ed180000)
  from space 16384K, 99% used [0x00000000ee500000,0x00000000ef4e6d70,0x00000000ef500000)
  to   space 18432K, 0% used [0x00000000ed180000,0x00000000ed180000,0x00000000ee380000)
 ParOldGen       total 72704K, used 31924K [0x00000000a0000000, 0x00000000a4700000, 0x00000000e0000000)
  object space 72704K, 43% used [0x00000000a0000000,0x00000000a1f2d2d8,0x00000000a4700000)
 Metaspace       used 57121K, capacity 59098K, committed 59160K, reserved 1099776K
  class space    used 7786K, capacity 8315K, committed 8360K, reserved 1048576K
Event: 12.513 GC heap after
Heap after GC invocations=15 (full 2):
 PSYoungGen      total 232960K, used 5152K [0x00000000e0000000, 0x00000000f3700000, 0x0000000100000000)
  eden space 214528K, 0% used [0x00000000e0000000,0x00000000e0000000,0x00000000ed180000)
  from space 18432K, 27% used [0x00000000ed180000,0x00000000ed6882f8,0x00000000ee380000)
  to   space 17920K, 0% used [0x00000000f2580000,0x00000000f2580000,0x00000000f3700000)
 ParOldGen       total 72704K, used 41089K [0x00000000a0000000, 0x00000000a4700000, 0x00000000e0000000)
  object space 72704K, 56% used [0x00000000a0000000,0x00000000a28207d0,0x00000000a4700000)
 Metaspace       used 57121K, capacity 59098K, committed 59160K, reserved 1099776K
  class space    used 7786K, capacity 8315K, committed 8360K, reserved 1048576K
}
Event: 12.513 GC heap before
{Heap before GC invocations=16 (full 3):
 PSYoungGen      total 232960K, used 5152K [0x00000000e0000000, 0x00000000f3700000, 0x0000000100000000)
  eden space 214528K, 0% used [0x00000000e0000000,0x00000000e0000000,0x00000000ed180000)
  from space 18432K, 27% used [0x00000000ed180000,0x00000000ed6882f8,0x00000000ee380000)
  to   space 17920K, 0% used [0x00000000f2580000,0x00000000f2580000,0x00000000f3700000)
 ParOldGen       total 72704K, used 41089K [0x00000000a0000000, 0x00000000a4700000, 0x00000000e0000000)
  object space 72704K, 56% used [0x00000000a0000000,0x00000000a28207d0,0x00000000a4700000)
 Metaspace       used 57121K, capacity 59098K, committed 59160K, reserved 1099776K
  class space    used 7786K, capacity 8315K, committed 8360K, reserved 1048576K
Event: 12.728 GC heap after
Heap after GC invocations=16 (full 3):
 PSYoungGen      total 232960K, used 0K [0x00000000e0000000, 0x00000000f3700000, 0x0000000100000000)
  eden space 214528K, 0% used [0x00000000e0000000,0x00000000e0000000,0x00000000ed180000)
  from space 18432K, 0% used [0x00000000ed180000,0x00000000ed180000,0x00000000ee380000)
  to   space 17920K, 0% used [0x00000000f2580000,0x00000000f2580000,0x00000000f3700000)
 ParOldGen       total 118272K, used 38296K [0x00000000a0000000, 0x00000000a7380000, 0x00000000e0000000)
  object space 118272K, 32% used [0x00000000a0000000,0x00000000a2566300,0x00000000a7380000)
 Metaspace       used 57121K, capacity 59098K, committed 59160K, reserved 1099776K
  class space    used 7786K, capacity 8315K, committed 8360K, reserved 1048576K
}
Event: 15.623 GC heap before
{Heap before GC invocations=17 (full 3):
 PSYoungGen      total 232960K, used 214528K [0x00000000e0000000, 0x00000000f3700000, 0x0000000100000000)
  eden space 214528K, 100% used [0x00000000e0000000,0x00000000ed180000,0x00000000ed180000)
  from space 18432K, 0% used [0x00000000ed180000,0x00000000ed180000,0x00000000ee380000)
  to   space 17920K, 0% used [0x00000000f2580000,0x00000000f2580000,0x00000000f3700000)
 ParOldGen       total 118272K, used 38296K [0x00000000a0000000, 0x00000000a7380000, 0x00000000e0000000)
  object space 118272K, 32% used [0x00000000a0000000,0x00000000a2566300,0x00000000a7380000)
 Metaspace       used 64248K, capacity 67092K, committed 67240K, reserved 1107968K
  class space    used 8843K, capacity 9568K, committed 9640K, reserved 1048576K
Event: 15.637 GC heap after
Heap after GC invocations=17 (full 3):
 PSYoungGen      total 282112K, used 17889K [0x00000000e0000000, 0x00000000f3700000, 0x0000000100000000)
  eden space 264192K, 0% used [0x00000000e0000000,0x00000000e0000000,0x00000000f0200000)
  from space 17920K, 99% used [0x00000000f2580000,0x00000000f36f84c0,0x00000000f3700000)
  to   space 22528K, 0% used [0x00000000f0b00000,0x00000000f0b00000,0x00000000f2100000)
 ParOldGen       total 118272K, used 43457K [0x00000000a0000000, 0x00000000a7380000, 0x00000000e0000000)
  object space 118272K, 36% used [0x00000000a0000000,0x00000000a2a705d8,0x00000000a7380000)
 Metaspace       used 64248K, capacity 67092K, committed 67240K, reserved 1107968K
  class space    used 8843K, capacity 9568K, committed 9640K, reserved 1048576K
}
Event: 82.946 GC heap before
{Heap before GC invocations=18 (full 3):
 PSYoungGen      total 282112K, used 282081K [0x00000000e0000000, 0x00000000f3700000, 0x0000000100000000)
  eden space 264192K, 100% used [0x00000000e0000000,0x00000000f0200000,0x00000000f0200000)
  from space 17920K, 99% used [0x00000000f2580000,0x00000000f36f84c0,0x00000000f3700000)
  to   space 22528K, 0% used [0x00000000f0b00000,0x00000000f0b00000,0x00000000f2100000)
 ParOldGen       total 118272K, used 43457K [0x00000000a0000000, 0x00000000a7380000, 0x00000000e0000000)
  object space 118272K, 36% used [0x00000000a0000000,0x00000000a2a705d8,0x00000000a7380000)
 Metaspace       used 69314K, capacity 72610K, committed 72744K, reserved 1112064K
  class space    used 9226K, capacity 10022K, committed 10024K, reserved 1048576K
Event: 82.972 GC heap after
Heap after GC invocations=18 (full 3):
 PSYoungGen      total 295936K, used 19042K [0x00000000e0000000, 0x00000000f6380000, 0x0000000100000000)
  eden space 273408K, 0% used [0x00000000e0000000,0x00000000e0000000,0x00000000f0b00000)
  from space 22528K, 84% used [0x00000000f0b00000,0x00000000f1d98ab0,0x00000000f2100000)
  to   space 24576K, 0% used [0x00000000f4b80000,0x00000000f4b80000,0x00000000f6380000)
 ParOldGen       total 118272K, used 59573K [0x00000000a0000000, 0x00000000a7380000, 0x00000000e0000000)
  object space 118272K, 50% used [0x00000000a0000000,0x00000000a3a2d520,0x00000000a7380000)
 Metaspace       used 69314K, capacity 72610K, committed 72744K, reserved 1112064K
  class space    used 9226K, capacity 10022K, committed 10024K, reserved 1048576K
}

