# JRE version: OpenJDK Runtime Environment (8.0_242-b01) (build 1.8.0_242-release-1644-b01)
# Java VM: OpenJDK 64-Bit Server VM (25.242-b01 mixed mode windows-amd64 compressed oops)
Heap:
 PSYoungGen      total 280576K, used 7241K [0x00000000e0000000, 0x00000000f4400000, 0x0000000100000000)
  eden space 232448K, 0% used [0x00000000e0000000,0x00000000e0000000,0x00000000ee300000)
  from space 48128K, 15% used [0x00000000f1500000,0x00000000f1c12410,0x00000000f4400000)
  to   space 49664K, 0% used [0x00000000ee300000,0x00000000ee300000,0x00000000f1380000)
 ParOldGen       total 203264K, used 162571K [0x00000000a0000000, 0x00000000ac680000, 0x00000000e0000000)
  object space 203264K, 79% used [0x00000000a0000000,0x00000000a9ec2c00,0x00000000ac680000)
 Metaspace       used 107046K, capacity 113006K, committed 113192K, reserved 1150976K
  class space    used 13786K, capacity 15015K, committed 15144K, reserved 1048576K
GC Heap History (10 events):
Event: 1335.468 GC heap after
Heap after GC invocations=51 (full 5):
 PSYoungGen      total 244224K, used 8493K [0x00000000e0000000, 0x00000000f2100000, 0x0000000100000000)
  eden space 193536K, 0% used [0x00000000e0000000,0x00000000e0000000,0x00000000ebd00000)
  from space 50688K, 16% used [0x00000000eef80000,0x00000000ef7cb638,0x00000000f2100000)
  to   space 51200K, 0% used [0x00000000ebd00000,0x00000000ebd00000,0x00000000eef00000)
 ParOldGen       total 203264K, used 131422K [0x00000000a0000000, 0x00000000ac680000, 0x00000000e0000000)
  object space 203264K, 64% used [0x00000000a0000000,0x00000000a8057b78,0x00000000ac680000)
 Metaspace       used 106557K, capacity 112490K, committed 112680K, reserved 1146880K
  class space    used 13786K, capacity 15015K, committed 15144K, reserved 1048576K
}
Event: 1335.749 GC heap before
{Heap before GC invocations=52 (full 5):
 PSYoungGen      total 244224K, used 202029K [0x00000000e0000000, 0x00000000f2100000, 0x0000000100000000)
  eden space 193536K, 100% used [0x00000000e0000000,0x00000000ebd00000,0x00000000ebd00000)
  from space 50688K, 16% used [0x00000000eef80000,0x00000000ef7cb638,0x00000000f2100000)
  to   space 51200K, 0% used [0x00000000ebd00000,0x00000000ebd00000,0x00000000eef00000)
 ParOldGen       total 203264K, used 131422K [0x00000000a0000000, 0x00000000ac680000, 0x00000000e0000000)
  object space 203264K, 64% used [0x00000000a0000000,0x00000000a8057b78,0x00000000ac680000)
 Metaspace       used 106774K, capacity 112698K, committed 112936K, reserved 1146880K
  class space    used 13786K, capacity 15015K, committed 15144K, reserved 1048576K
Event: 1335.758 GC heap after
Heap after GC invocations=52 (full 5):
 PSYoungGen      total 244736K, used 6121K [0x00000000e0000000, 0x00000000f4700000, 0x0000000100000000)
  eden space 193536K, 0% used [0x00000000e0000000,0x00000000e0000000,0x00000000ebd00000)
  from space 51200K, 11% used [0x00000000ebd00000,0x00000000ec2fa4b8,0x00000000eef00000)
  to   space 51200K, 0% used [0x00000000f1500000,0x00000000f1500000,0x00000000f4700000)
 ParOldGen       total 203264K, used 138167K [0x00000000a0000000, 0x00000000ac680000, 0x00000000e0000000)
  object space 203264K, 67% used [0x00000000a0000000,0x00000000a86edff8,0x00000000ac680000)
 Metaspace       used 106774K, capacity 112698K, committed 112936K, reserved 1146880K
  class space    used 13786K, capacity 15015K, committed 15144K, reserved 1048576K
}
Event: 1336.061 GC heap before
{Heap before GC invocations=53 (full 5):
 PSYoungGen      total 244736K, used 199657K [0x00000000e0000000, 0x00000000f4700000, 0x0000000100000000)
  eden space 193536K, 100% used [0x00000000e0000000,0x00000000ebd00000,0x00000000ebd00000)
  from space 51200K, 11% used [0x00000000ebd00000,0x00000000ec2fa4b8,0x00000000eef00000)
  to   space 51200K, 0% used [0x00000000f1500000,0x00000000f1500000,0x00000000f4700000)
 ParOldGen       total 203264K, used 138167K [0x00000000a0000000, 0x00000000ac680000, 0x00000000e0000000)
  object space 203264K, 67% used [0x00000000a0000000,0x00000000a86edff8,0x00000000ac680000)
 Metaspace       used 106923K, capacity 112854K, committed 113192K, reserved 1146880K
  class space    used 13786K, capacity 15015K, committed 15144K, reserved 1048576K
Event: 1336.076 GC heap after
Heap after GC invocations=53 (full 5):
 PSYoungGen      total 280576K, used 9773K [0x00000000e0000000, 0x00000000f4400000, 0x0000000100000000)
  eden space 232448K, 0% used [0x00000000e0000000,0x00000000e0000000,0x00000000ee300000)
  from space 48128K, 20% used [0x00000000f1500000,0x00000000f1e8b728,0x00000000f4400000)
  to   space 49664K, 0% used [0x00000000ee300000,0x00000000ee300000,0x00000000f1380000)
 ParOldGen       total 203264K, used 143615K [0x00000000a0000000, 0x00000000ac680000, 0x00000000e0000000)
  object space 203264K, 70% used [0x00000000a0000000,0x00000000a8c3ff00,0x00000000ac680000)
 Metaspace       used 106923K, capacity 112854K, committed 113192K, reserved 1146880K
  class space    used 13786K, capacity 15015K, committed 15144K, reserved 1048576K
}
Event: 1336.306 GC heap before
{Heap before GC invocations=54 (full 5):
 PSYoungGen      total 280576K, used 242221K [0x00000000e0000000, 0x00000000f4400000, 0x0000000100000000)
  eden space 232448K, 100% used [0x00000000e0000000,0x00000000ee300000,0x00000000ee300000)
  from space 48128K, 20% used [0x00000000f1500000,0x00000000f1e8b728,0x00000000f4400000)
  to   space 49664K, 0% used [0x00000000ee300000,0x00000000ee300000,0x00000000f1380000)
 ParOldGen       total 203264K, used 143615K [0x00000000a0000000, 0x00000000ac680000, 0x00000000e0000000)
  object space 203264K, 70% used [0x00000000a0000000,0x00000000a8c3ff00,0x00000000ac680000)
 Metaspace       used 106970K, capacity 112866K, committed 113192K, reserved 1146880K
  class space    used 13786K, capacity 15015K, committed 15144K, reserved 1048576K
Event: 1336.320 GC heap after
Heap after GC invocations=54 (full 5):
 PSYoungGen      total 282112K, used 14069K [0x00000000e0000000, 0x00000000f4400000, 0x0000000100000000)
  eden space 232448K, 0% used [0x00000000e0000000,0x00000000e0000000,0x00000000ee300000)
  from space 49664K, 28% used [0x00000000ee300000,0x00000000ef0bd680,0x00000000f1380000)
  to   space 48128K, 0% used [0x00000000f1500000,0x00000000f1500000,0x00000000f4400000)
 ParOldGen       total 203264K, used 150826K [0x00000000a0000000, 0x00000000ac680000, 0x00000000e0000000)
  object space 203264K, 74% used [0x00000000a0000000,0x00000000a934a8d0,0x00000000ac680000)
 Metaspace       used 106970K, capacity 112866K, committed 113192K, reserved 1146880K
  class space    used 13786K, capacity 15015K, committed 15144K, reserved 1048576K
}
Event: 1336.499 GC heap before
{Heap before GC invocations=55 (full 5):
 PSYoungGen      total 282112K, used 225416K [0x00000000e0000000, 0x00000000f4400000, 0x0000000100000000)
  eden space 232448K, 90% used [0x00000000e0000000,0x00000000ece64ac0,0x00000000ee300000)
  from space 49664K, 28% used [0x00000000ee300000,0x00000000ef0bd680,0x00000000f1380000)
  to   space 48128K, 0% used [0x00000000f1500000,0x00000000f1500000,0x00000000f4400000)
 ParOldGen       total 203264K, used 150826K [0x00000000a0000000, 0x00000000ac680000, 0x00000000e0000000)
  object space 203264K, 74% used [0x00000000a0000000,0x00000000a934a8d0,0x00000000ac680000)
 Metaspace       used 107046K, capacity 113006K, committed 113192K, reserved 1150976K
  class space    used 13786K, capacity 15015K, committed 15144K, reserved 1048576K
Event: 1336.507 GC heap after
Heap after GC invocations=55 (full 5):
 PSYoungGen      total 280576K, used 7241K [0x00000000e0000000, 0x00000000f4400000, 0x0000000100000000)
  eden space 232448K, 0% used [0x00000000e0000000,0x00000000e0000000,0x00000000ee300000)
  from space 48128K, 15% used [0x00000000f1500000,0x00000000f1c12410,0x00000000f4400000)
  to   space 49664K, 0% used [0x00000000ee300000,0x00000000ee300000,0x00000000f1380000)
 ParOldGen       total 203264K, used 162571K [0x00000000a0000000, 0x00000000ac680000, 0x00000000e0000000)
  object space 203264K, 79% used [0x00000000a0000000,0x00000000a9ec2c00,0x00000000ac680000)
 Metaspace       used 107046K, capacity 113006K, committed 113192K, reserved 1150976K
  class space    used 13786K, capacity 15015K, committed 15144K, reserved 1048576K
}
Event: 1336.507 GC heap before
{Heap before GC invocations=56 (full 6):
 PSYoungGen      total 280576K, used 7241K [0x00000000e0000000, 0x00000000f4400000, 0x0000000100000000)
  eden space 232448K, 0% used [0x00000000e0000000,0x00000000e0000000,0x00000000ee300000)
  from space 48128K, 15% used [0x00000000f1500000,0x00000000f1c12410,0x00000000f4400000)
  to   space 49664K, 0% used [0x00000000ee300000,0x00000000ee300000,0x00000000f1380000)
 ParOldGen       total 203264K, used 162571K [0x00000000a0000000, 0x00000000ac680000, 0x00000000e0000000)
  object space 203264K, 79% used [0x00000000a0000000,0x00000000a9ec2c00,0x00000000ac680000)
 Metaspace       used 107046K, capacity 113006K, committed 113192K, reserved 1150976K
  class space    used 13786K, capacity 15015K, committed 15144K, reserved 1048576K

