# JRE version: OpenJDK Runtime Environment (8.0_242-b01) (build 1.8.0_242-release-1644-b01)
# Java VM: OpenJDK 64-Bit Server VM (25.242-b01 mixed mode windows-amd64 compressed oops)
Heap:
 PSYoungGen      total 447488K, used 315281K [0x00000000e0000000, 0x0000000100000000, 0x0000000100000000)
  eden space 397312K, 66% used [0x00000000e0000000,0x00000000f0355268,0x00000000f8400000)
  from space 50176K, 99% used [0x00000000f8400000,0x00000000fb48f430,0x00000000fb500000)
  to   space 68608K, 0% used [0x00000000fbd00000,0x00000000fbd00000,0x0000000100000000)
 ParOldGen       total 385536K, used 165313K [0x00000000a0000000, 0x00000000b7880000, 0x00000000e0000000)
  object space 385536K, 42% used [0x00000000a0000000,0x00000000aa170518,0x00000000b7880000)
 Metaspace       used 97057K, capacity 102904K, committed 103000K, reserved 1138688K
  class space    used 12487K, capacity 13631K, committed 13696K, reserved 1048576K
GC Heap History (10 events):
Event: 373.111 GC heap before
{Heap before GC invocations=37 (full 5):
 PSYoungGen      total 485888K, used 469893K [0x00000000e0000000, 0x0000000100000000, 0x0000000100000000)
  eden space 450560K, 99% used [0x00000000e0000000,0x00000000fb539868,0x00000000fb800000)
  from space 35328K, 62% used [0x00000000fb800000,0x00000000fcda7d90,0x00000000fda80000)
  to   space 35328K, 0% used [0x00000000fdd80000,0x00000000fdd80000,0x0000000100000000)
 ParOldGen       total 285696K, used 149167K [0x00000000a0000000, 0x00000000b1700000, 0x00000000e0000000)
  object space 285696K, 52% used [0x00000000a0000000,0x00000000a91abec0,0x00000000b1700000)
 Metaspace       used 94317K, capacity 99462K, committed 99544K, reserved 1136640K
  class space    used 12226K, capacity 13307K, committed 13312K, reserved 1048576K
Event: 373.127 GC heap after
Heap after GC invocations=37 (full 5):
 PSYoungGen      total 444928K, used 35320K [0x00000000e0000000, 0x0000000100000000, 0x0000000100000000)
  eden space 409600K, 0% used [0x00000000e0000000,0x00000000e0000000,0x00000000f9000000)
  from space 35328K, 99% used [0x00000000fdd80000,0x00000000ffffe280,0x0000000100000000)
  to   space 57344K, 0% used [0x00000000f9000000,0x00000000f9000000,0x00000000fc800000)
 ParOldGen       total 285696K, used 194322K [0x00000000a0000000, 0x00000000b1700000, 0x00000000e0000000)
  object space 285696K, 68% used [0x00000000a0000000,0x00000000abdc4870,0x00000000b1700000)
 Metaspace       used 94317K, capacity 99462K, committed 99544K, reserved 1136640K
  class space    used 12226K, capacity 13307K, committed 13312K, reserved 1048576K
}
Event: 2913.464 GC heap before
{Heap before GC invocations=38 (full 5):
 PSYoungGen      total 444928K, used 444920K [0x00000000e0000000, 0x0000000100000000, 0x0000000100000000)
  eden space 409600K, 100% used [0x00000000e0000000,0x00000000f9000000,0x00000000f9000000)
  from space 35328K, 99% used [0x00000000fdd80000,0x00000000ffffe280,0x0000000100000000)
  to   space 57344K, 0% used [0x00000000f9000000,0x00000000f9000000,0x00000000fc800000)
 ParOldGen       total 285696K, used 194322K [0x00000000a0000000, 0x00000000b1700000, 0x00000000e0000000)
  object space 285696K, 68% used [0x00000000a0000000,0x00000000abdc4870,0x00000000b1700000)
 Metaspace       used 95604K, capacity 101056K, committed 101336K, reserved 1136640K
  class space    used 12376K, capacity 13454K, committed 13568K, reserved 1048576K
Event: 2913.481 GC heap after
Heap after GC invocations=38 (full 5):
 PSYoungGen      total 466944K, used 14678K [0x00000000e0000000, 0x0000000100000000, 0x0000000100000000)
  eden space 409600K, 0% used [0x00000000e0000000,0x00000000e0000000,0x00000000f9000000)
  from space 57344K, 25% used [0x00000000f9000000,0x00000000f9e55928,0x00000000fc800000)
  to   space 55296K, 0% used [0x00000000fca00000,0x00000000fca00000,0x0000000100000000)
 ParOldGen       total 285696K, used 203107K [0x00000000a0000000, 0x00000000b1700000, 0x00000000e0000000)
  object space 285696K, 71% used [0x00000000a0000000,0x00000000ac658ff8,0x00000000b1700000)
 Metaspace       used 95604K, capacity 101056K, committed 101336K, reserved 1136640K
  class space    used 12376K, capacity 13454K, committed 13568K, reserved 1048576K
}
Event: 3033.787 GC heap before
{Heap before GC invocations=39 (full 5):
 PSYoungGen      total 466944K, used 422357K [0x00000000e0000000, 0x0000000100000000, 0x0000000100000000)
  eden space 409600K, 99% used [0x00000000e0000000,0x00000000f8e1fe10,0x00000000f9000000)
  from space 57344K, 25% used [0x00000000f9000000,0x00000000f9e55928,0x00000000fc800000)
  to   space 55296K, 0% used [0x00000000fca00000,0x00000000fca00000,0x0000000100000000)
 ParOldGen       total 285696K, used 203107K [0x00000000a0000000, 0x00000000b1700000, 0x00000000e0000000)
  object space 285696K, 71% used [0x00000000a0000000,0x00000000ac658ff8,0x00000000b1700000)
 Metaspace       used 96135K, capacity 101798K, committed 102104K, reserved 1138688K
  class space    used 12417K, capacity 13511K, committed 13568K, reserved 1048576K
Event: 3033.831 GC heap after
Heap after GC invocations=39 (full 5):
 PSYoungGen      total 452608K, used 53951K [0x00000000e0000000, 0x0000000100000000, 0x0000000100000000)
  eden space 397312K, 0% used [0x00000000e0000000,0x00000000e0000000,0x00000000f8400000)
  from space 55296K, 97% used [0x00000000fca00000,0x00000000ffeafc80,0x0000000100000000)
  to   space 63488K, 0% used [0x00000000f8400000,0x00000000f8400000,0x00000000fc200000)
 ParOldGen       total 285696K, used 276742K [0x00000000a0000000, 0x00000000b1700000, 0x00000000e0000000)
  object space 285696K, 96% used [0x00000000a0000000,0x00000000b0e41958,0x00000000b1700000)
 Metaspace       used 96135K, capacity 101798K, committed 102104K, reserved 1138688K
  class space    used 12417K, capacity 13511K, committed 13568K, reserved 1048576K
}
Event: 3033.831 GC heap before
{Heap before GC invocations=40 (full 6):
 PSYoungGen      total 452608K, used 53951K [0x00000000e0000000, 0x0000000100000000, 0x0000000100000000)
  eden space 397312K, 0% used [0x00000000e0000000,0x00000000e0000000,0x00000000f8400000)
  from space 55296K, 97% used [0x00000000fca00000,0x00000000ffeafc80,0x0000000100000000)
  to   space 63488K, 0% used [0x00000000f8400000,0x00000000f8400000,0x00000000fc200000)
 ParOldGen       total 285696K, used 276742K [0x00000000a0000000, 0x00000000b1700000, 0x00000000e0000000)
  object space 285696K, 96% used [0x00000000a0000000,0x00000000b0e41958,0x00000000b1700000)
 Metaspace       used 96135K, capacity 101798K, committed 102104K, reserved 1138688K
  class space    used 12417K, capacity 13511K, committed 13568K, reserved 1048576K
Event: 3034.049 GC heap after
Heap after GC invocations=40 (full 6):
 PSYoungGen      total 452608K, used 0K [0x00000000e0000000, 0x0000000100000000, 0x0000000100000000)
  eden space 397312K, 0% used [0x00000000e0000000,0x00000000e0000000,0x00000000f8400000)
  from space 55296K, 0% used [0x00000000fca00000,0x00000000fca00000,0x0000000100000000)
  to   space 63488K, 0% used [0x00000000f8400000,0x00000000f8400000,0x00000000fc200000)
 ParOldGen       total 385536K, used 165305K [0x00000000a0000000, 0x00000000b7880000, 0x00000000e0000000)
  object space 385536K, 42% used [0x00000000a0000000,0x00000000aa16e518,0x00000000b7880000)
 Metaspace       used 95704K, capacity 101026K, committed 102104K, reserved 1138688K
  class space    used 12338K, capacity 13365K, committed 13568K, reserved 1048576K
}
Event: 3624.318 GC heap before
{Heap before GC invocations=41 (full 6):
 PSYoungGen      total 452608K, used 397312K [0x00000000e0000000, 0x0000000100000000, 0x0000000100000000)
  eden space 397312K, 100% used [0x00000000e0000000,0x00000000f8400000,0x00000000f8400000)
  from space 55296K, 0% used [0x00000000fca00000,0x00000000fca00000,0x0000000100000000)
  to   space 63488K, 0% used [0x00000000f8400000,0x00000000f8400000,0x00000000fc200000)
 ParOldGen       total 385536K, used 165305K [0x00000000a0000000, 0x00000000b7880000, 0x00000000e0000000)
  object space 385536K, 42% used [0x00000000a0000000,0x00000000aa16e518,0x00000000b7880000)
 Metaspace       used 96951K, capacity 102824K, committed 103000K, reserved 1138688K
  class space    used 12474K, capacity 13617K, committed 13696K, reserved 1048576K
Event: 3624.334 GC heap after
Heap after GC invocations=41 (full 6):
 PSYoungGen      total 447488K, used 49725K [0x00000000e0000000, 0x0000000100000000, 0x0000000100000000)
  eden space 397312K, 0% used [0x00000000e0000000,0x00000000e0000000,0x00000000f8400000)
  from space 50176K, 99% used [0x00000000f8400000,0x00000000fb48f430,0x00000000fb500000)
  to   space 68608K, 0% used [0x00000000fbd00000,0x00000000fbd00000,0x0000000100000000)
 ParOldGen       total 385536K, used 165313K [0x00000000a0000000, 0x00000000b7880000, 0x00000000e0000000)
  object space 385536K, 42% used [0x00000000a0000000,0x00000000aa170518,0x00000000b7880000)
 Metaspace       used 96951K, capacity 102824K, committed 103000K, reserved 1138688K
  class space    used 12474K, capacity 13617K, committed 13696K, reserved 1048576K
}

