# JRE version: OpenJDK Runtime Environment (8.0_242-b01) (build 1.8.0_242-release-1644-b01)
# Java VM: OpenJDK 64-Bit Server VM (25.242-b01 mixed mode windows-amd64 compressed oops)
Heap:
 PSYoungGen      total 316416K, used 276003K [0x00000000e0000000, 0x00000000f6800000, 0x0000000100000000)
  eden space 293376K, 86% used [0x00000000e0000000,0x00000000ef70c938,0x00000000f1e80000)
  from space 23040K, 99% used [0x00000000f5180000,0x00000000f67fc4d0,0x00000000f6800000)
  to   space 30208K, 0% used [0x00000000f2d00000,0x00000000f2d00000,0x00000000f4a80000)
 ParOldGen       total 112128K, used 47550K [0x00000000a0000000, 0x00000000a6d80000, 0x00000000e0000000)
  object space 112128K, 42% used [0x00000000a0000000,0x00000000a2e6f860,0x00000000a6d80000)
 Metaspace       used 70615K, capacity 74490K, committed 74664K, reserved 1114112K
  class space    used 9619K, capacity 10555K, committed 10664K, reserved 1048576K
GC Heap History (10 events):
Event: 5.049 GC heap before
{Heap before GC invocations=13 (full 2):
 PSYoungGen      total 187904K, used 174592K [0x00000000e0000000, 0x00000000ec880000, 0x0000000100000000)
  eden space 174592K, 100% used [0x00000000e0000000,0x00000000eaa80000,0x00000000eaa80000)
  from space 13312K, 0% used [0x00000000eb700000,0x00000000eb700000,0x00000000ec400000)
  to   space 12800K, 0% used [0x00000000eaa80000,0x00000000eaa80000,0x00000000eb700000)
 ParOldGen       total 68096K, used 16711K [0x00000000a0000000, 0x00000000a4280000, 0x00000000e0000000)
  object space 68096K, 24% used [0x00000000a0000000,0x00000000a1051f48,0x00000000a4280000)
 Metaspace       used 46600K, capacity 47840K, committed 47912K, reserved 1091584K
  class space    used 6248K, capacity 6633K, committed 6696K, reserved 1048576K
Event: 5.063 GC heap after
Heap after GC invocations=13 (full 2):
 PSYoungGen      total 187392K, used 12792K [0x00000000e0000000, 0x00000000f0d80000, 0x0000000100000000)
  eden space 174592K, 0% used [0x00000000e0000000,0x00000000e0000000,0x00000000eaa80000)
  from space 12800K, 99% used [0x00000000eaa80000,0x00000000eb6fe1c8,0x00000000eb700000)
  to   space 16896K, 0% used [0x00000000efd00000,0x00000000efd00000,0x00000000f0d80000)
 ParOldGen       total 68096K, used 22723K [0x00000000a0000000, 0x00000000a4280000, 0x00000000e0000000)
  object space 68096K, 33% used [0x00000000a0000000,0x00000000a1630cd0,0x00000000a4280000)
 Metaspace       used 46600K, capacity 47840K, committed 47912K, reserved 1091584K
  class space    used 6248K, capacity 6633K, committed 6696K, reserved 1048576K
}
Event: 6.314 GC heap before
{Heap before GC invocations=14 (full 2):
 PSYoungGen      total 187392K, used 187384K [0x00000000e0000000, 0x00000000f0d80000, 0x0000000100000000)
  eden space 174592K, 100% used [0x00000000e0000000,0x00000000eaa80000,0x00000000eaa80000)
  from space 12800K, 99% used [0x00000000eaa80000,0x00000000eb6fe1c8,0x00000000eb700000)
  to   space 16896K, 0% used [0x00000000efd00000,0x00000000efd00000,0x00000000f0d80000)
 ParOldGen       total 68096K, used 22723K [0x00000000a0000000, 0x00000000a4280000, 0x00000000e0000000)
  object space 68096K, 33% used [0x00000000a0000000,0x00000000a1630cd0,0x00000000a4280000)
 Metaspace       used 56301K, capacity 57990K, committed 58152K, reserved 1099776K
  class space    used 7665K, capacity 8142K, committed 8232K, reserved 1048576K
Event: 6.336 GC heap after
Heap after GC invocations=14 (full 2):
 PSYoungGen      total 252928K, used 16869K [0x00000000e0000000, 0x00000000f1600000, 0x0000000100000000)
  eden space 236032K, 0% used [0x00000000e0000000,0x00000000e0000000,0x00000000ee680000)
  from space 16896K, 99% used [0x00000000efd00000,0x00000000f0d79740,0x00000000f0d80000)
  to   space 23040K, 0% used [0x00000000ee680000,0x00000000ee680000,0x00000000efd00000)
 ParOldGen       total 68096K, used 33623K [0x00000000a0000000, 0x00000000a4280000, 0x00000000e0000000)
  object space 68096K, 49% used [0x00000000a0000000,0x00000000a20d5c48,0x00000000a4280000)
 Metaspace       used 56301K, capacity 57990K, committed 58152K, reserved 1099776K
  class space    used 7665K, capacity 8142K, committed 8232K, reserved 1048576K
}
Event: 6.599 GC heap before
{Heap before GC invocations=15 (full 2):
 PSYoungGen      total 252928K, used 54332K [0x00000000e0000000, 0x00000000f1600000, 0x0000000100000000)
  eden space 236032K, 15% used [0x00000000e0000000,0x00000000e24959b0,0x00000000ee680000)
  from space 16896K, 99% used [0x00000000efd00000,0x00000000f0d79740,0x00000000f0d80000)
  to   space 23040K, 0% used [0x00000000ee680000,0x00000000ee680000,0x00000000efd00000)
 ParOldGen       total 68096K, used 33623K [0x00000000a0000000, 0x00000000a4280000, 0x00000000e0000000)
  object space 68096K, 49% used [0x00000000a0000000,0x00000000a20d5c48,0x00000000a4280000)
 Metaspace       used 57135K, capacity 59112K, committed 59160K, reserved 1099776K
  class space    used 7778K, capacity 8331K, committed 8360K, reserved 1048576K
Event: 6.609 GC heap after
Heap after GC invocations=15 (full 2):
 PSYoungGen      total 259072K, used 3091K [0x00000000e0000000, 0x00000000f6800000, 0x0000000100000000)
  eden space 236032K, 0% used [0x00000000e0000000,0x00000000e0000000,0x00000000ee680000)
  from space 23040K, 13% used [0x00000000ee680000,0x00000000ee984e88,0x00000000efd00000)
  to   space 23040K, 0% used [0x00000000f5180000,0x00000000f5180000,0x00000000f6800000)
 ParOldGen       total 68096K, used 43968K [0x00000000a0000000, 0x00000000a4280000, 0x00000000e0000000)
  object space 68096K, 64% used [0x00000000a0000000,0x00000000a2af0130,0x00000000a4280000)
 Metaspace       used 57135K, capacity 59112K, committed 59160K, reserved 1099776K
  class space    used 7778K, capacity 8331K, committed 8360K, reserved 1048576K
}
Event: 6.609 GC heap before
{Heap before GC invocations=16 (full 3):
 PSYoungGen      total 259072K, used 3091K [0x00000000e0000000, 0x00000000f6800000, 0x0000000100000000)
  eden space 236032K, 0% used [0x00000000e0000000,0x00000000e0000000,0x00000000ee680000)
  from space 23040K, 13% used [0x00000000ee680000,0x00000000ee984e88,0x00000000efd00000)
  to   space 23040K, 0% used [0x00000000f5180000,0x00000000f5180000,0x00000000f6800000)
 ParOldGen       total 68096K, used 43968K [0x00000000a0000000, 0x00000000a4280000, 0x00000000e0000000)
  object space 68096K, 64% used [0x00000000a0000000,0x00000000a2af0130,0x00000000a4280000)
 Metaspace       used 57135K, capacity 59112K, committed 59160K, reserved 1099776K
  class space    used 7778K, capacity 8331K, committed 8360K, reserved 1048576K
Event: 6.861 GC heap after
Heap after GC invocations=16 (full 3):
 PSYoungGen      total 259072K, used 0K [0x00000000e0000000, 0x00000000f6800000, 0x0000000100000000)
  eden space 236032K, 0% used [0x00000000e0000000,0x00000000e0000000,0x00000000ee680000)
  from space 23040K, 0% used [0x00000000ee680000,0x00000000ee680000,0x00000000efd00000)
  to   space 23040K, 0% used [0x00000000f5180000,0x00000000f5180000,0x00000000f6800000)
 ParOldGen       total 112128K, used 38367K [0x00000000a0000000, 0x00000000a6d80000, 0x00000000e0000000)
  object space 112128K, 34% used [0x00000000a0000000,0x00000000a2577df0,0x00000000a6d80000)
 Metaspace       used 57135K, capacity 59112K, committed 59160K, reserved 1099776K
  class space    used 7778K, capacity 8331K, committed 8360K, reserved 1048576K
}
Event: 8.638 GC heap before
{Heap before GC invocations=17 (full 3):
 PSYoungGen      total 259072K, used 236032K [0x00000000e0000000, 0x00000000f6800000, 0x0000000100000000)
  eden space 236032K, 100% used [0x00000000e0000000,0x00000000ee680000,0x00000000ee680000)
  from space 23040K, 0% used [0x00000000ee680000,0x00000000ee680000,0x00000000efd00000)
  to   space 23040K, 0% used [0x00000000f5180000,0x00000000f5180000,0x00000000f6800000)
 ParOldGen       total 112128K, used 38367K [0x00000000a0000000, 0x00000000a6d80000, 0x00000000e0000000)
  object space 112128K, 34% used [0x00000000a0000000,0x00000000a2577df0,0x00000000a6d80000)
 Metaspace       used 63946K, capacity 66858K, committed 66984K, reserved 1105920K
  class space    used 8753K, capacity 9560K, committed 9640K, reserved 1048576K
Event: 8.661 GC heap after
Heap after GC invocations=17 (full 3):
 PSYoungGen      total 316416K, used 23025K [0x00000000e0000000, 0x00000000f6800000, 0x0000000100000000)
  eden space 293376K, 0% used [0x00000000e0000000,0x00000000e0000000,0x00000000f1e80000)
  from space 23040K, 99% used [0x00000000f5180000,0x00000000f67fc4d0,0x00000000f6800000)
  to   space 30208K, 0% used [0x00000000f2d00000,0x00000000f2d00000,0x00000000f4a80000)
 ParOldGen       total 112128K, used 47550K [0x00000000a0000000, 0x00000000a6d80000, 0x00000000e0000000)
  object space 112128K, 42% used [0x00000000a0000000,0x00000000a2e6f860,0x00000000a6d80000)
 Metaspace       used 63946K, capacity 66858K, committed 66984K, reserved 1105920K
  class space    used 8753K, capacity 9560K, committed 9640K, reserved 1048576K
}

