# JRE version: OpenJDK Runtime Environment (8.0_242-b01) (build 1.8.0_242-release-1644-b01)
# Java VM: OpenJDK 64-Bit Server VM (25.242-b01 mixed mode windows-amd64 compressed oops)
Heap:
 PSYoungGen      total 203776K, used 112367K [0x00000000e0000000, 0x00000000ef980000, 0x0000000100000000)
  eden space 167424K, 56% used [0x00000000e0000000,0x00000000e5b9fa10,0x00000000ea380000)
  from space 36352K, 51% used [0x00000000ed600000,0x00000000ee81c470,0x00000000ef980000)
  to   space 44032K, 0% used [0x00000000ea380000,0x00000000ea380000,0x00000000ece80000)
 ParOldGen       total 252928K, used 177801K [0x00000000a0000000, 0x00000000af700000, 0x00000000e0000000)
  object space 252928K, 70% used [0x00000000a0000000,0x00000000aada2530,0x00000000af700000)
 Metaspace       used 77150K, capacity 81958K, committed 82216K, reserved 1120256K
  class space    used 10215K, capacity 11287K, committed 11304K, reserved 1048576K
GC Heap History (10 events):
Event: 86.527 GC heap before
{Heap before GC invocations=24 (full 4):
 PSYoungGen      total 199680K, used 173916K [0x00000000e0000000, 0x00000000f0c80000, 0x0000000100000000)
  eden space 174592K, 98% used [0x00000000e0000000,0x00000000ea786fc0,0x00000000eaa80000)
  from space 25088K, 9% used [0x00000000eaa80000,0x00000000eacd0098,0x00000000ec300000)
  to   space 39936K, 0% used [0x00000000ee580000,0x00000000ee580000,0x00000000f0c80000)
 ParOldGen       total 252928K, used 120558K [0x00000000a0000000, 0x00000000af700000, 0x00000000e0000000)
  object space 252928K, 47% used [0x00000000a0000000,0x00000000a75bba80,0x00000000af700000)
 Metaspace       used 71576K, capacity 75268K, committed 76200K, reserved 1114112K
  class space    used 9787K, capacity 10716K, committed 10920K, reserved 1048576K
Event: 86.552 GC heap after
Heap after GC invocations=24 (full 4):
 PSYoungGen      total 228864K, used 39505K [0x00000000e0000000, 0x00000000f1b00000, 0x0000000100000000)
  eden space 188928K, 0% used [0x00000000e0000000,0x00000000e0000000,0x00000000eb880000)
  from space 39936K, 98% used [0x00000000ee580000,0x00000000f0c144f8,0x00000000f0c80000)
  to   space 46080K, 0% used [0x00000000eb880000,0x00000000eb880000,0x00000000ee580000)
 ParOldGen       total 252928K, used 177769K [0x00000000a0000000, 0x00000000af700000, 0x00000000e0000000)
  object space 252928K, 70% used [0x00000000a0000000,0x00000000aad9a530,0x00000000af700000)
 Metaspace       used 71576K, capacity 75268K, committed 76200K, reserved 1114112K
  class space    used 9787K, capacity 10716K, committed 10920K, reserved 1048576K
}
Event: 569.452 GC heap before
{Heap before GC invocations=25 (full 4):
 PSYoungGen      total 228864K, used 228433K [0x00000000e0000000, 0x00000000f1b00000, 0x0000000100000000)
  eden space 188928K, 100% used [0x00000000e0000000,0x00000000eb880000,0x00000000eb880000)
  from space 39936K, 98% used [0x00000000ee580000,0x00000000f0c144f8,0x00000000f0c80000)
  to   space 46080K, 0% used [0x00000000eb880000,0x00000000eb880000,0x00000000ee580000)
 ParOldGen       total 252928K, used 177769K [0x00000000a0000000, 0x00000000af700000, 0x00000000e0000000)
  object space 252928K, 70% used [0x00000000a0000000,0x00000000aad9a530,0x00000000af700000)
 Metaspace       used 75673K, capacity 79660K, committed 80040K, reserved 1118208K
  class space    used 10100K, capacity 11054K, committed 11176K, reserved 1048576K
Event: 569.465 GC heap after
Heap after GC invocations=25 (full 4):
 PSYoungGen      total 202752K, used 19430K [0x00000000e0000000, 0x00000000f0900000, 0x0000000100000000)
  eden space 183296K, 0% used [0x00000000e0000000,0x00000000e0000000,0x00000000eb300000)
  from space 19456K, 99% used [0x00000000eb880000,0x00000000ecb79978,0x00000000ecb80000)
  to   space 44032K, 0% used [0x00000000ede00000,0x00000000ede00000,0x00000000f0900000)
 ParOldGen       total 252928K, used 177777K [0x00000000a0000000, 0x00000000af700000, 0x00000000e0000000)
  object space 252928K, 70% used [0x00000000a0000000,0x00000000aad9c530,0x00000000af700000)
 Metaspace       used 75673K, capacity 79660K, committed 80040K, reserved 1118208K
  class space    used 10100K, capacity 11054K, committed 11176K, reserved 1048576K
}
Event: 583.538 GC heap before
{Heap before GC invocations=26 (full 4):
 PSYoungGen      total 202752K, used 202726K [0x00000000e0000000, 0x00000000f0900000, 0x0000000100000000)
  eden space 183296K, 100% used [0x00000000e0000000,0x00000000eb300000,0x00000000eb300000)
  from space 19456K, 99% used [0x00000000eb880000,0x00000000ecb79978,0x00000000ecb80000)
  to   space 44032K, 0% used [0x00000000ede00000,0x00000000ede00000,0x00000000f0900000)
 ParOldGen       total 252928K, used 177777K [0x00000000a0000000, 0x00000000af700000, 0x00000000e0000000)
  object space 252928K, 70% used [0x00000000a0000000,0x00000000aad9c530,0x00000000af700000)
 Metaspace       used 76146K, capacity 80684K, committed 80808K, reserved 1118208K
  class space    used 10151K, capacity 11148K, committed 11176K, reserved 1048576K
Event: 583.561 GC heap after
Heap after GC invocations=26 (full 4):
 PSYoungGen      total 221184K, used 32241K [0x00000000e0000000, 0x00000000f0880000, 0x0000000100000000)
  eden space 177664K, 0% used [0x00000000e0000000,0x00000000e0000000,0x00000000ead80000)
  from space 43520K, 74% used [0x00000000ede00000,0x00000000efd7c4b0,0x00000000f0880000)
  to   space 46592K, 0% used [0x00000000ead80000,0x00000000ead80000,0x00000000edb00000)
 ParOldGen       total 252928K, used 177785K [0x00000000a0000000, 0x00000000af700000, 0x00000000e0000000)
  object space 252928K, 70% used [0x00000000a0000000,0x00000000aad9e530,0x00000000af700000)
 Metaspace       used 76146K, capacity 80684K, committed 80808K, reserved 1118208K
  class space    used 10151K, capacity 11148K, committed 11176K, reserved 1048576K
}
Event: 1308.139 GC heap before
{Heap before GC invocations=27 (full 4):
 PSYoungGen      total 221184K, used 209905K [0x00000000e0000000, 0x00000000f0880000, 0x0000000100000000)
  eden space 177664K, 100% used [0x00000000e0000000,0x00000000ead80000,0x00000000ead80000)
  from space 43520K, 74% used [0x00000000ede00000,0x00000000efd7c4b0,0x00000000f0880000)
  to   space 46592K, 0% used [0x00000000ead80000,0x00000000ead80000,0x00000000edb00000)
 ParOldGen       total 252928K, used 177785K [0x00000000a0000000, 0x00000000af700000, 0x00000000e0000000)
  object space 252928K, 70% used [0x00000000a0000000,0x00000000aad9e530,0x00000000af700000)
 Metaspace       used 76452K, capacity 80952K, committed 81192K, reserved 1120256K
  class space    used 10157K, capacity 11186K, committed 11304K, reserved 1048576K
Event: 1308.145 GC heap after
Heap after GC invocations=27 (full 4):
 PSYoungGen      total 176128K, used 3537K [0x00000000e0000000, 0x00000000f0380000, 0x0000000100000000)
  eden space 172544K, 0% used [0x00000000e0000000,0x00000000e0000000,0x00000000ea880000)
  from space 3584K, 98% used [0x00000000ead80000,0x00000000eb0f4450,0x00000000eb100000)
  to   space 46592K, 0% used [0x00000000ed600000,0x00000000ed600000,0x00000000f0380000)
 ParOldGen       total 252928K, used 177793K [0x00000000a0000000, 0x00000000af700000, 0x00000000e0000000)
  object space 252928K, 70% used [0x00000000a0000000,0x00000000aada0530,0x00000000af700000)
 Metaspace       used 76452K, capacity 80952K, committed 81192K, reserved 1120256K
  class space    used 10157K, capacity 11186K, committed 11304K, reserved 1048576K
}
Event: 6572.186 GC heap before
{Heap before GC invocations=28 (full 4):
 PSYoungGen      total 176128K, used 176081K [0x00000000e0000000, 0x00000000f0380000, 0x0000000100000000)
  eden space 172544K, 100% used [0x00000000e0000000,0x00000000ea880000,0x00000000ea880000)
  from space 3584K, 98% used [0x00000000ead80000,0x00000000eb0f4450,0x00000000eb100000)
  to   space 46592K, 0% used [0x00000000ed600000,0x00000000ed600000,0x00000000f0380000)
 ParOldGen       total 252928K, used 177793K [0x00000000a0000000, 0x00000000af700000, 0x00000000e0000000)
  object space 252928K, 70% used [0x00000000a0000000,0x00000000aada0530,0x00000000af700000)
 Metaspace       used 76941K, capacity 81664K, committed 81960K, reserved 1120256K
  class space    used 10200K, capacity 11260K, committed 11304K, reserved 1048576K
Event: 6572.206 GC heap after
Heap after GC invocations=28 (full 4):
 PSYoungGen      total 203776K, used 18545K [0x00000000e0000000, 0x00000000ef980000, 0x0000000100000000)
  eden space 167424K, 0% used [0x00000000e0000000,0x00000000e0000000,0x00000000ea380000)
  from space 36352K, 51% used [0x00000000ed600000,0x00000000ee81c470,0x00000000ef980000)
  to   space 44032K, 0% used [0x00000000ea380000,0x00000000ea380000,0x00000000ece80000)
 ParOldGen       total 252928K, used 177801K [0x00000000a0000000, 0x00000000af700000, 0x00000000e0000000)
  object space 252928K, 70% used [0x00000000a0000000,0x00000000aada2530,0x00000000af700000)
 Metaspace       used 76941K, capacity 81664K, committed 81960K, reserved 1120256K
  class space    used 10200K, capacity 11260K, committed 11304K, reserved 1048576K
}

